{"/Users/chilos/PetProjects/logseq-plagins/cardbord/src/index.ts": {"path":"/Users/chilos/PetProjects/logseq-plagins/cardbord/src/index.ts","all":true,"statementMap":{"7":{"start":{"line":8,"column":0},"end":{"line":8,"column":42}},"10":{"start":{"line":11,"column":0},"end":{"line":11,"column":36}},"15":{"start":{"line":16,"column":0},"end":{"line":16,"column":23}},"16":{"start":{"line":17,"column":0},"end":{"line":17,"column":47}},"18":{"start":{"line":19,"column":0},"end":{"line":19,"column":7}},"19":{"start":{"line":20,"column":0},"end":{"line":20,"column":30}},"20":{"start":{"line":21,"column":0},"end":{"line":21,"column":19}},"21":{"start":{"line":22,"column":0},"end":{"line":22,"column":68}},"22":{"start":{"line":23,"column":0},"end":{"line":23,"column":16}},"23":{"start":{"line":24,"column":0},"end":{"line":24,"column":3}},"24":{"start":{"line":25,"column":0},"end":{"line":25,"column":1}},"27":{"start":{"line":28,"column":0},"end":{"line":28,"column":33}},"28":{"start":{"line":29,"column":0},"end":{"line":29,"column":25}},"29":{"start":{"line":30,"column":0},"end":{"line":30,"column":3}},"32":{"start":{"line":33,"column":0},"end":{"line":33,"column":54}},"33":{"start":{"line":34,"column":0},"end":{"line":34,"column":42}},"34":{"start":{"line":35,"column":0},"end":{"line":35,"column":58}},"35":{"start":{"line":36,"column":0},"end":{"line":36,"column":3}}},"s":{"7":0,"10":0,"15":0,"16":0,"18":0,"19":0,"20":0,"21":0,"22":0,"23":0,"24":0,"27":0,"28":0,"29":0,"32":0,"33":0,"34":0,"35":0},"branchMap":{"0":{"type":"branch","line":1,"loc":{"start":{"line":1,"column":770},"end":{"line":36,"column":3}},"locations":[{"start":{"line":1,"column":770},"end":{"line":36,"column":3}}]}},"b":{"0":[1]},"fnMap":{"0":{"name":"(empty-report)","decl":{"start":{"line":1,"column":770},"end":{"line":36,"column":3}},"loc":{"start":{"line":1,"column":770},"end":{"line":36,"column":3}},"line":1}},"f":{"0":1}}
,"/Users/chilos/PetProjects/logseq-plagins/cardbord/src/plugin.ts": {"path":"/Users/chilos/PetProjects/logseq-plagins/cardbord/src/plugin.ts","all":true,"statementMap":{"7":{"start":{"line":8,"column":0},"end":{"line":8,"column":49}},"8":{"start":{"line":9,"column":0},"end":{"line":9,"column":50}},"9":{"start":{"line":10,"column":0},"end":{"line":10,"column":89}},"10":{"start":{"line":11,"column":0},"end":{"line":11,"column":63}},"12":{"start":{"line":13,"column":0},"end":{"line":13,"column":60}},"13":{"start":{"line":14,"column":0},"end":{"line":14,"column":47}},"14":{"start":{"line":15,"column":0},"end":{"line":15,"column":49}},"15":{"start":{"line":16,"column":0},"end":{"line":16,"column":51}},"16":{"start":{"line":17,"column":0},"end":{"line":17,"column":55}},"19":{"start":{"line":20,"column":0},"end":{"line":20,"column":42}},"20":{"start":{"line":21,"column":0},"end":{"line":21,"column":52}},"21":{"start":{"line":22,"column":0},"end":{"line":22,"column":52}},"22":{"start":{"line":23,"column":0},"end":{"line":23,"column":44}},"24":{"start":{"line":25,"column":0},"end":{"line":25,"column":29}},"26":{"start":{"line":27,"column":0},"end":{"line":27,"column":32}},"28":{"start":{"line":29,"column":0},"end":{"line":29,"column":55}},"29":{"start":{"line":30,"column":0},"end":{"line":30,"column":57}},"34":{"start":{"line":35,"column":0},"end":{"line":35,"column":17}},"35":{"start":{"line":36,"column":0},"end":{"line":36,"column":41}},"36":{"start":{"line":37,"column":0},"end":{"line":37,"column":43}},"37":{"start":{"line":38,"column":0},"end":{"line":38,"column":41}},"38":{"start":{"line":39,"column":0},"end":{"line":39,"column":41}},"39":{"start":{"line":40,"column":0},"end":{"line":40,"column":45}},"40":{"start":{"line":41,"column":0},"end":{"line":41,"column":3}},"45":{"start":{"line":46,"column":0},"end":{"line":46,"column":37}},"46":{"start":{"line":47,"column":0},"end":{"line":47,"column":52}},"49":{"start":{"line":50,"column":0},"end":{"line":50,"column":56}},"50":{"start":{"line":51,"column":0},"end":{"line":51,"column":54}},"51":{"start":{"line":52,"column":0},"end":{"line":52,"column":63}},"52":{"start":{"line":53,"column":0},"end":{"line":53,"column":44}},"53":{"start":{"line":54,"column":0},"end":{"line":54,"column":48}},"54":{"start":{"line":55,"column":0},"end":{"line":55,"column":25}},"55":{"start":{"line":56,"column":0},"end":{"line":56,"column":7}},"58":{"start":{"line":59,"column":0},"end":{"line":59,"column":26}},"61":{"start":{"line":62,"column":0},"end":{"line":62,"column":33}},"64":{"start":{"line":65,"column":0},"end":{"line":65,"column":32}},"67":{"start":{"line":68,"column":0},"end":{"line":68,"column":33}},"70":{"start":{"line":71,"column":0},"end":{"line":71,"column":30}},"72":{"start":{"line":73,"column":0},"end":{"line":73,"column":64}},"73":{"start":{"line":74,"column":0},"end":{"line":74,"column":3}},"78":{"start":{"line":79,"column":0},"end":{"line":79,"column":34}},"79":{"start":{"line":80,"column":0},"end":{"line":80,"column":25}},"80":{"start":{"line":81,"column":0},"end":{"line":81,"column":17}},"81":{"start":{"line":82,"column":0},"end":{"line":82,"column":22}},"82":{"start":{"line":83,"column":0},"end":{"line":83,"column":22}},"83":{"start":{"line":84,"column":0},"end":{"line":84,"column":18}},"84":{"start":{"line":85,"column":0},"end":{"line":85,"column":7}},"85":{"start":{"line":86,"column":0},"end":{"line":86,"column":54}},"86":{"start":{"line":87,"column":0},"end":{"line":87,"column":3}},"91":{"start":{"line":92,"column":0},"end":{"line":92,"column":41}},"92":{"start":{"line":93,"column":0},"end":{"line":93,"column":25}},"93":{"start":{"line":94,"column":0},"end":{"line":94,"column":58}},"94":{"start":{"line":95,"column":0},"end":{"line":95,"column":65}},"96":{"start":{"line":97,"column":0},"end":{"line":97,"column":93}},"98":{"start":{"line":99,"column":0},"end":{"line":99,"column":22}},"99":{"start":{"line":100,"column":0},"end":{"line":100,"column":69}},"100":{"start":{"line":101,"column":0},"end":{"line":101,"column":17}},"101":{"start":{"line":102,"column":0},"end":{"line":102,"column":9}},"102":{"start":{"line":103,"column":0},"end":{"line":103,"column":64}},"103":{"start":{"line":104,"column":0},"end":{"line":104,"column":157}},"104":{"start":{"line":105,"column":0},"end":{"line":105,"column":103}},"105":{"start":{"line":106,"column":0},"end":{"line":106,"column":60}},"106":{"start":{"line":107,"column":0},"end":{"line":107,"column":92}},"107":{"start":{"line":108,"column":0},"end":{"line":108,"column":17}},"108":{"start":{"line":109,"column":0},"end":{"line":109,"column":9}},"110":{"start":{"line":111,"column":0},"end":{"line":111,"column":84}},"111":{"start":{"line":112,"column":0},"end":{"line":112,"column":119}},"112":{"start":{"line":113,"column":0},"end":{"line":113,"column":48}},"113":{"start":{"line":114,"column":0},"end":{"line":114,"column":8}},"114":{"start":{"line":115,"column":0},"end":{"line":115,"column":58}},"115":{"start":{"line":116,"column":0},"end":{"line":116,"column":13}},"116":{"start":{"line":117,"column":0},"end":{"line":117,"column":31}},"117":{"start":{"line":118,"column":0},"end":{"line":118,"column":57}},"118":{"start":{"line":119,"column":0},"end":{"line":119,"column":27}},"119":{"start":{"line":120,"column":0},"end":{"line":120,"column":67}},"120":{"start":{"line":121,"column":0},"end":{"line":121,"column":19}},"121":{"start":{"line":122,"column":0},"end":{"line":122,"column":11}},"122":{"start":{"line":123,"column":0},"end":{"line":123,"column":52}},"123":{"start":{"line":124,"column":0},"end":{"line":124,"column":68}},"124":{"start":{"line":125,"column":0},"end":{"line":125,"column":53}},"125":{"start":{"line":126,"column":0},"end":{"line":126,"column":64}},"126":{"start":{"line":127,"column":0},"end":{"line":127,"column":23}},"127":{"start":{"line":128,"column":0},"end":{"line":128,"column":70}},"128":{"start":{"line":129,"column":0},"end":{"line":129,"column":67}},"129":{"start":{"line":130,"column":0},"end":{"line":130,"column":9}},"130":{"start":{"line":131,"column":0},"end":{"line":131,"column":8}},"131":{"start":{"line":132,"column":0},"end":{"line":132,"column":93}},"132":{"start":{"line":133,"column":0},"end":{"line":133,"column":13}},"133":{"start":{"line":134,"column":0},"end":{"line":134,"column":53}},"134":{"start":{"line":135,"column":0},"end":{"line":135,"column":55}},"135":{"start":{"line":136,"column":0},"end":{"line":136,"column":105}},"136":{"start":{"line":137,"column":0},"end":{"line":137,"column":20}},"137":{"start":{"line":138,"column":0},"end":{"line":138,"column":61}},"138":{"start":{"line":139,"column":0},"end":{"line":139,"column":19}},"139":{"start":{"line":140,"column":0},"end":{"line":140,"column":11}},"140":{"start":{"line":141,"column":0},"end":{"line":141,"column":57}},"141":{"start":{"line":142,"column":0},"end":{"line":142,"column":52}},"142":{"start":{"line":143,"column":0},"end":{"line":143,"column":51}},"143":{"start":{"line":144,"column":0},"end":{"line":144,"column":64}},"144":{"start":{"line":145,"column":0},"end":{"line":145,"column":34}},"145":{"start":{"line":146,"column":0},"end":{"line":146,"column":23}},"146":{"start":{"line":147,"column":0},"end":{"line":147,"column":77}},"147":{"start":{"line":148,"column":0},"end":{"line":148,"column":71}},"148":{"start":{"line":149,"column":0},"end":{"line":149,"column":9}},"149":{"start":{"line":150,"column":0},"end":{"line":150,"column":8}},"150":{"start":{"line":151,"column":0},"end":{"line":151,"column":34}},"151":{"start":{"line":152,"column":0},"end":{"line":152,"column":32}},"152":{"start":{"line":153,"column":0},"end":{"line":153,"column":8}},"153":{"start":{"line":154,"column":0},"end":{"line":154,"column":20}},"154":{"start":{"line":155,"column":0},"end":{"line":155,"column":7}},"155":{"start":{"line":156,"column":0},"end":{"line":156,"column":3}},"160":{"start":{"line":161,"column":0},"end":{"line":161,"column":40}},"161":{"start":{"line":162,"column":0},"end":{"line":162,"column":67}},"162":{"start":{"line":163,"column":0},"end":{"line":163,"column":62}},"163":{"start":{"line":164,"column":0},"end":{"line":164,"column":50}},"164":{"start":{"line":165,"column":0},"end":{"line":165,"column":50}},"165":{"start":{"line":166,"column":0},"end":{"line":166,"column":93}},"166":{"start":{"line":167,"column":0},"end":{"line":167,"column":7}},"167":{"start":{"line":168,"column":0},"end":{"line":168,"column":61}},"168":{"start":{"line":169,"column":0},"end":{"line":169,"column":3}},"173":{"start":{"line":174,"column":0},"end":{"line":174,"column":41}},"174":{"start":{"line":175,"column":0},"end":{"line":175,"column":86}},"175":{"start":{"line":176,"column":0},"end":{"line":176,"column":52}},"176":{"start":{"line":177,"column":0},"end":{"line":177,"column":41}},"178":{"start":{"line":179,"column":0},"end":{"line":179,"column":69}},"179":{"start":{"line":180,"column":0},"end":{"line":180,"column":53}},"182":{"start":{"line":183,"column":0},"end":{"line":183,"column":55}},"183":{"start":{"line":184,"column":0},"end":{"line":184,"column":39}},"186":{"start":{"line":187,"column":0},"end":{"line":187,"column":51}},"187":{"start":{"line":188,"column":0},"end":{"line":188,"column":23}},"188":{"start":{"line":189,"column":0},"end":{"line":189,"column":32}},"189":{"start":{"line":190,"column":0},"end":{"line":190,"column":22}},"190":{"start":{"line":191,"column":0},"end":{"line":191,"column":28}},"191":{"start":{"line":192,"column":0},"end":{"line":192,"column":9}},"193":{"start":{"line":194,"column":0},"end":{"line":194,"column":24}},"194":{"start":{"line":195,"column":0},"end":{"line":195,"column":40}},"195":{"start":{"line":196,"column":0},"end":{"line":196,"column":13}},"196":{"start":{"line":197,"column":0},"end":{"line":197,"column":23}},"197":{"start":{"line":198,"column":0},"end":{"line":198,"column":19}},"198":{"start":{"line":199,"column":0},"end":{"line":199,"column":9}},"201":{"start":{"line":202,"column":0},"end":{"line":202,"column":24}},"202":{"start":{"line":203,"column":0},"end":{"line":203,"column":13}},"203":{"start":{"line":204,"column":0},"end":{"line":204,"column":98}},"204":{"start":{"line":205,"column":0},"end":{"line":205,"column":116}},"205":{"start":{"line":206,"column":0},"end":{"line":206,"column":27}},"206":{"start":{"line":207,"column":0},"end":{"line":207,"column":81}},"207":{"start":{"line":208,"column":0},"end":{"line":208,"column":19}},"208":{"start":{"line":209,"column":0},"end":{"line":209,"column":11}},"209":{"start":{"line":210,"column":0},"end":{"line":210,"column":93}},"210":{"start":{"line":211,"column":0},"end":{"line":211,"column":21}},"211":{"start":{"line":212,"column":0},"end":{"line":212,"column":72}},"212":{"start":{"line":213,"column":0},"end":{"line":213,"column":19}},"213":{"start":{"line":214,"column":0},"end":{"line":214,"column":11}},"216":{"start":{"line":217,"column":0},"end":{"line":217,"column":109}},"217":{"start":{"line":218,"column":0},"end":{"line":218,"column":70}},"218":{"start":{"line":219,"column":0},"end":{"line":219,"column":57}},"221":{"start":{"line":222,"column":0},"end":{"line":222,"column":45}},"224":{"start":{"line":225,"column":0},"end":{"line":225,"column":38}},"225":{"start":{"line":226,"column":0},"end":{"line":226,"column":23}},"226":{"start":{"line":227,"column":0},"end":{"line":227,"column":70}},"227":{"start":{"line":228,"column":0},"end":{"line":228,"column":9}},"228":{"start":{"line":229,"column":0},"end":{"line":229,"column":63}},"229":{"start":{"line":230,"column":0},"end":{"line":230,"column":7}},"230":{"start":{"line":231,"column":0},"end":{"line":231,"column":3}},"235":{"start":{"line":236,"column":0},"end":{"line":236,"column":60}},"237":{"start":{"line":238,"column":0},"end":{"line":238,"column":72}},"238":{"start":{"line":239,"column":0},"end":{"line":239,"column":33}},"239":{"start":{"line":240,"column":0},"end":{"line":240,"column":51}},"240":{"start":{"line":241,"column":0},"end":{"line":241,"column":28}},"241":{"start":{"line":242,"column":0},"end":{"line":242,"column":60}},"242":{"start":{"line":243,"column":0},"end":{"line":243,"column":23}},"243":{"start":{"line":244,"column":0},"end":{"line":244,"column":72}},"244":{"start":{"line":245,"column":0},"end":{"line":245,"column":70}},"245":{"start":{"line":246,"column":0},"end":{"line":246,"column":9}},"246":{"start":{"line":247,"column":0},"end":{"line":247,"column":9}},"247":{"start":{"line":248,"column":0},"end":{"line":248,"column":7}},"250":{"start":{"line":251,"column":0},"end":{"line":251,"column":61}},"251":{"start":{"line":252,"column":0},"end":{"line":252,"column":27}},"252":{"start":{"line":253,"column":0},"end":{"line":253,"column":50}},"253":{"start":{"line":254,"column":0},"end":{"line":254,"column":28}},"254":{"start":{"line":255,"column":0},"end":{"line":255,"column":57}},"255":{"start":{"line":256,"column":0},"end":{"line":256,"column":22}},"256":{"start":{"line":257,"column":0},"end":{"line":257,"column":70}},"257":{"start":{"line":258,"column":0},"end":{"line":258,"column":68}},"258":{"start":{"line":259,"column":0},"end":{"line":259,"column":9}},"259":{"start":{"line":260,"column":0},"end":{"line":260,"column":9}},"260":{"start":{"line":261,"column":0},"end":{"line":261,"column":7}},"261":{"start":{"line":262,"column":0},"end":{"line":262,"column":3}},"266":{"start":{"line":267,"column":0},"end":{"line":267,"column":70}},"268":{"start":{"line":269,"column":0},"end":{"line":269,"column":51}},"269":{"start":{"line":270,"column":0},"end":{"line":270,"column":3}},"274":{"start":{"line":275,"column":0},"end":{"line":275,"column":38}},"275":{"start":{"line":276,"column":0},"end":{"line":276,"column":77}},"276":{"start":{"line":277,"column":0},"end":{"line":277,"column":62}},"277":{"start":{"line":278,"column":0},"end":{"line":278,"column":33}},"278":{"start":{"line":279,"column":0},"end":{"line":279,"column":58}},"279":{"start":{"line":280,"column":0},"end":{"line":280,"column":50}},"280":{"start":{"line":281,"column":0},"end":{"line":281,"column":67}},"281":{"start":{"line":282,"column":0},"end":{"line":282,"column":7}},"282":{"start":{"line":283,"column":0},"end":{"line":283,"column":3}},"287":{"start":{"line":288,"column":0},"end":{"line":288,"column":34}},"288":{"start":{"line":289,"column":0},"end":{"line":289,"column":51}},"289":{"start":{"line":290,"column":0},"end":{"line":290,"column":29}},"290":{"start":{"line":291,"column":0},"end":{"line":291,"column":29}},"291":{"start":{"line":292,"column":0},"end":{"line":292,"column":3}},"292":{"start":{"line":293,"column":0},"end":{"line":293,"column":1}}},"s":{"7":0,"8":0,"9":0,"10":0,"12":0,"13":0,"14":0,"15":0,"16":0,"19":0,"20":0,"21":0,"22":0,"24":0,"26":0,"28":0,"29":0,"34":0,"35":0,"36":0,"37":0,"38":0,"39":0,"40":0,"45":0,"46":0,"49":0,"50":0,"51":0,"52":0,"53":0,"54":0,"55":0,"58":0,"61":0,"64":0,"67":0,"70":0,"72":0,"73":0,"78":0,"79":0,"80":0,"81":0,"82":0,"83":0,"84":0,"85":0,"86":0,"91":0,"92":0,"93":0,"94":0,"96":0,"98":0,"99":0,"100":0,"101":0,"102":0,"103":0,"104":0,"105":0,"106":0,"107":0,"108":0,"110":0,"111":0,"112":0,"113":0,"114":0,"115":0,"116":0,"117":0,"118":0,"119":0,"120":0,"121":0,"122":0,"123":0,"124":0,"125":0,"126":0,"127":0,"128":0,"129":0,"130":0,"131":0,"132":0,"133":0,"134":0,"135":0,"136":0,"137":0,"138":0,"139":0,"140":0,"141":0,"142":0,"143":0,"144":0,"145":0,"146":0,"147":0,"148":0,"149":0,"150":0,"151":0,"152":0,"153":0,"154":0,"155":0,"160":0,"161":0,"162":0,"163":0,"164":0,"165":0,"166":0,"167":0,"168":0,"173":0,"174":0,"175":0,"176":0,"178":0,"179":0,"182":0,"183":0,"186":0,"187":0,"188":0,"189":0,"190":0,"191":0,"193":0,"194":0,"195":0,"196":0,"197":0,"198":0,"201":0,"202":0,"203":0,"204":0,"205":0,"206":0,"207":0,"208":0,"209":0,"210":0,"211":0,"212":0,"213":0,"216":0,"217":0,"218":0,"221":0,"224":0,"225":0,"226":0,"227":0,"228":0,"229":0,"230":0,"235":0,"237":0,"238":0,"239":0,"240":0,"241":0,"242":0,"243":0,"244":0,"245":0,"246":0,"247":0,"250":0,"251":0,"252":0,"253":0,"254":0,"255":0,"256":0,"257":0,"258":0,"259":0,"260":0,"261":0,"266":0,"268":0,"269":0,"274":0,"275":0,"276":0,"277":0,"278":0,"279":0,"280":0,"281":0,"282":0,"287":0,"288":0,"289":0,"290":0,"291":0,"292":0},"branchMap":{"0":{"type":"branch","line":1,"loc":{"start":{"line":1,"column":10411},"end":{"line":293,"column":1}},"locations":[{"start":{"line":1,"column":10411},"end":{"line":293,"column":1}}]}},"b":{"0":[1]},"fnMap":{"0":{"name":"(empty-report)","decl":{"start":{"line":1,"column":10411},"end":{"line":293,"column":1}},"loc":{"start":{"line":1,"column":10411},"end":{"line":293,"column":1}},"line":1}},"f":{"0":1}}
,"/Users/chilos/PetProjects/logseq-plagins/cardbord/src/core/GridManager.ts": {"path":"/Users/chilos/PetProjects/logseq-plagins/cardbord/src/core/GridManager.ts","all":false,"statementMap":{"6":{"start":{"line":7,"column":0},"end":{"line":7,"column":64}},"7":{"start":{"line":8,"column":0},"end":{"line":8,"column":53}},"9":{"start":{"line":10,"column":0},"end":{"line":10,"column":26}},"12":{"start":{"line":13,"column":0},"end":{"line":13,"column":39}},"13":{"start":{"line":14,"column":0},"end":{"line":14,"column":80}},"14":{"start":{"line":15,"column":0},"end":{"line":15,"column":3}},"19":{"start":{"line":20,"column":0},"end":{"line":20,"column":57}},"20":{"start":{"line":21,"column":0},"end":{"line":21,"column":12}},"21":{"start":{"line":22,"column":0},"end":{"line":22,"column":11}},"22":{"start":{"line":23,"column":0},"end":{"line":23,"column":11}},"23":{"start":{"line":24,"column":0},"end":{"line":24,"column":16}},"24":{"start":{"line":25,"column":0},"end":{"line":25,"column":16}},"25":{"start":{"line":26,"column":0},"end":{"line":26,"column":6}},"26":{"start":{"line":27,"column":0},"end":{"line":27,"column":3}},"31":{"start":{"line":32,"column":0},"end":{"line":32,"column":23}},"32":{"start":{"line":33,"column":0},"end":{"line":33,"column":28}},"33":{"start":{"line":34,"column":0},"end":{"line":34,"column":3}},"38":{"start":{"line":39,"column":0},"end":{"line":39,"column":33}},"39":{"start":{"line":40,"column":0},"end":{"line":40,"column":39}},"40":{"start":{"line":41,"column":0},"end":{"line":41,"column":3}},"45":{"start":{"line":46,"column":0},"end":{"line":46,"column":52}},"46":{"start":{"line":47,"column":0},"end":{"line":47,"column":26}},"47":{"start":{"line":48,"column":0},"end":{"line":48,"column":26}},"49":{"start":{"line":50,"column":0},"end":{"line":50,"column":44}},"50":{"start":{"line":51,"column":0},"end":{"line":51,"column":3}},"55":{"start":{"line":56,"column":0},"end":{"line":56,"column":50}},"56":{"start":{"line":57,"column":0},"end":{"line":57,"column":32}},"57":{"start":{"line":58,"column":0},"end":{"line":58,"column":68}},"58":{"start":{"line":59,"column":0},"end":{"line":59,"column":14}},"59":{"start":{"line":60,"column":0},"end":{"line":60,"column":3}},"64":{"start":{"line":65,"column":0},"end":{"line":65,"column":40}},"65":{"start":{"line":66,"column":0},"end":{"line":66,"column":64}},"66":{"start":{"line":67,"column":0},"end":{"line":67,"column":3}},"71":{"start":{"line":72,"column":0},"end":{"line":72,"column":32}},"72":{"start":{"line":73,"column":0},"end":{"line":73,"column":52}},"73":{"start":{"line":74,"column":0},"end":{"line":74,"column":51}},"74":{"start":{"line":75,"column":0},"end":{"line":75,"column":6}},"76":{"start":{"line":77,"column":0},"end":{"line":77,"column":29}},"77":{"start":{"line":78,"column":0},"end":{"line":78,"column":44}},"78":{"start":{"line":79,"column":0},"end":{"line":79,"column":12}},"79":{"start":{"line":80,"column":0},"end":{"line":80,"column":33}},"80":{"start":{"line":81,"column":0},"end":{"line":81,"column":5}},"81":{"start":{"line":82,"column":0},"end":{"line":82,"column":3}},"86":{"start":{"line":87,"column":0},"end":{"line":87,"column":36}},"87":{"start":{"line":88,"column":0},"end":{"line":88,"column":67}},"89":{"start":{"line":90,"column":0},"end":{"line":90,"column":47}},"90":{"start":{"line":91,"column":0},"end":{"line":91,"column":47}},"91":{"start":{"line":92,"column":0},"end":{"line":92,"column":6}},"92":{"start":{"line":93,"column":0},"end":{"line":93,"column":3}},"97":{"start":{"line":98,"column":0},"end":{"line":98,"column":60}},"98":{"start":{"line":99,"column":0},"end":{"line":99,"column":42}},"99":{"start":{"line":100,"column":0},"end":{"line":100,"column":22}},"102":{"start":{"line":103,"column":0},"end":{"line":103,"column":50}},"104":{"start":{"line":105,"column":0},"end":{"line":105,"column":49}},"106":{"start":{"line":107,"column":0},"end":{"line":107,"column":37}},"107":{"start":{"line":108,"column":0},"end":{"line":108,"column":37}},"108":{"start":{"line":109,"column":0},"end":{"line":109,"column":32}},"109":{"start":{"line":110,"column":0},"end":{"line":110,"column":32}},"110":{"start":{"line":111,"column":0},"end":{"line":111,"column":25}},"111":{"start":{"line":112,"column":0},"end":{"line":112,"column":25}},"112":{"start":{"line":113,"column":0},"end":{"line":113,"column":12}},"114":{"start":{"line":115,"column":0},"end":{"line":115,"column":32}},"115":{"start":{"line":116,"column":0},"end":{"line":116,"column":32}},"116":{"start":{"line":117,"column":0},"end":{"line":117,"column":5}},"117":{"start":{"line":118,"column":0},"end":{"line":118,"column":3}},"122":{"start":{"line":123,"column":0},"end":{"line":123,"column":32}},"124":{"start":{"line":125,"column":0},"end":{"line":125,"column":50}},"125":{"start":{"line":126,"column":0},"end":{"line":126,"column":46}},"127":{"start":{"line":128,"column":0},"end":{"line":128,"column":29}},"128":{"start":{"line":129,"column":0},"end":{"line":129,"column":35}},"129":{"start":{"line":130,"column":0},"end":{"line":130,"column":5}},"130":{"start":{"line":131,"column":0},"end":{"line":131,"column":3}},"135":{"start":{"line":136,"column":0},"end":{"line":136,"column":38}},"136":{"start":{"line":137,"column":0},"end":{"line":137,"column":70}},"137":{"start":{"line":138,"column":0},"end":{"line":138,"column":3}},"142":{"start":{"line":143,"column":0},"end":{"line":143,"column":63}},"143":{"start":{"line":144,"column":0},"end":{"line":144,"column":63}},"144":{"start":{"line":145,"column":0},"end":{"line":145,"column":16}},"145":{"start":{"line":146,"column":0},"end":{"line":146,"column":36}},"146":{"start":{"line":147,"column":0},"end":{"line":147,"column":5}},"147":{"start":{"line":148,"column":0},"end":{"line":148,"column":3}},"152":{"start":{"line":153,"column":0},"end":{"line":153,"column":45}},"153":{"start":{"line":154,"column":0},"end":{"line":154,"column":35}},"154":{"start":{"line":155,"column":0},"end":{"line":155,"column":47}},"155":{"start":{"line":156,"column":0},"end":{"line":156,"column":6}},"156":{"start":{"line":157,"column":0},"end":{"line":157,"column":3}},"161":{"start":{"line":162,"column":0},"end":{"line":162,"column":26}},"162":{"start":{"line":163,"column":0},"end":{"line":163,"column":34}},"163":{"start":{"line":164,"column":0},"end":{"line":164,"column":3}},"168":{"start":{"line":169,"column":0},"end":{"line":169,"column":27}},"169":{"start":{"line":170,"column":0},"end":{"line":170,"column":35}},"170":{"start":{"line":171,"column":0},"end":{"line":171,"column":3}},"175":{"start":{"line":176,"column":0},"end":{"line":176,"column":17}},"176":{"start":{"line":177,"column":0},"end":{"line":177,"column":25}},"177":{"start":{"line":178,"column":0},"end":{"line":178,"column":26}},"178":{"start":{"line":179,"column":0},"end":{"line":179,"column":3}},"179":{"start":{"line":180,"column":0},"end":{"line":180,"column":1}}},"s":{"6":1,"7":1,"9":1,"12":1,"13":22,"14":22,"19":1,"20":1,"21":1,"22":1,"23":1,"24":1,"25":1,"26":1,"31":1,"32":8,"33":8,"38":1,"39":0,"40":0,"45":1,"46":2,"47":2,"49":2,"50":2,"55":1,"56":3,"57":3,"58":3,"59":3,"64":1,"65":9,"66":9,"71":1,"72":3,"73":3,"74":3,"76":3,"77":1,"78":3,"79":2,"80":2,"81":3,"86":1,"87":3,"89":3,"90":3,"91":3,"92":3,"97":1,"98":1,"99":1,"102":1,"104":1,"106":0,"107":0,"108":0,"109":0,"110":0,"111":0,"112":1,"114":1,"115":1,"116":1,"117":1,"122":1,"124":1,"125":1,"127":1,"128":1,"129":1,"130":1,"135":1,"136":1,"137":1,"142":1,"143":1,"144":1,"145":1,"146":1,"147":1,"152":1,"153":2,"154":2,"155":2,"156":2,"161":1,"162":3,"163":3,"168":1,"169":1,"170":1,"175":1,"176":1,"177":1,"178":1,"179":1},"branchMap":{"0":{"type":"branch","line":13,"loc":{"start":{"line":13,"column":2},"end":{"line":15,"column":3}},"locations":[{"start":{"line":13,"column":2},"end":{"line":15,"column":3}}]},"1":{"type":"branch","line":14,"loc":{"start":{"line":14,"column":16},"end":{"line":14,"column":80}},"locations":[{"start":{"line":14,"column":16},"end":{"line":14,"column":80}}]},"2":{"type":"branch","line":20,"loc":{"start":{"line":20,"column":2},"end":{"line":27,"column":3}},"locations":[{"start":{"line":20,"column":2},"end":{"line":27,"column":3}}]},"3":{"type":"branch","line":32,"loc":{"start":{"line":32,"column":2},"end":{"line":34,"column":3}},"locations":[{"start":{"line":32,"column":2},"end":{"line":34,"column":3}}]},"4":{"type":"branch","line":46,"loc":{"start":{"line":46,"column":2},"end":{"line":51,"column":3}},"locations":[{"start":{"line":46,"column":2},"end":{"line":51,"column":3}}]},"5":{"type":"branch","line":56,"loc":{"start":{"line":56,"column":2},"end":{"line":60,"column":3}},"locations":[{"start":{"line":56,"column":2},"end":{"line":60,"column":3}}]},"6":{"type":"branch","line":59,"loc":{"start":{"line":59,"column":4},"end":{"line":59,"column":14}},"locations":[{"start":{"line":59,"column":4},"end":{"line":59,"column":14}}]},"7":{"type":"branch","line":58,"loc":{"start":{"line":58,"column":6},"end":{"line":58,"column":68}},"locations":[{"start":{"line":58,"column":6},"end":{"line":58,"column":68}}]},"8":{"type":"branch","line":58,"loc":{"start":{"line":58,"column":36},"end":{"line":58,"column":68}},"locations":[{"start":{"line":58,"column":36},"end":{"line":58,"column":68}}]},"9":{"type":"branch","line":65,"loc":{"start":{"line":65,"column":2},"end":{"line":67,"column":3}},"locations":[{"start":{"line":65,"column":2},"end":{"line":67,"column":3}}]},"10":{"type":"branch","line":66,"loc":{"start":{"line":66,"column":54},"end":{"line":66,"column":64}},"locations":[{"start":{"line":66,"column":54},"end":{"line":66,"column":64}}]},"11":{"type":"branch","line":66,"loc":{"start":{"line":66,"column":32},"end":{"line":66,"column":54}},"locations":[{"start":{"line":66,"column":32},"end":{"line":66,"column":54}}]},"12":{"type":"branch","line":72,"loc":{"start":{"line":72,"column":2},"end":{"line":82,"column":3}},"locations":[{"start":{"line":72,"column":2},"end":{"line":82,"column":3}}]},"13":{"type":"branch","line":77,"loc":{"start":{"line":77,"column":28},"end":{"line":79,"column":11}},"locations":[{"start":{"line":77,"column":28},"end":{"line":79,"column":11}}]},"14":{"type":"branch","line":79,"loc":{"start":{"line":79,"column":4},"end":{"line":81,"column":5}},"locations":[{"start":{"line":79,"column":4},"end":{"line":81,"column":5}}]},"15":{"type":"branch","line":74,"loc":{"start":{"line":74,"column":6},"end":{"line":74,"column":51}},"locations":[{"start":{"line":74,"column":6},"end":{"line":74,"column":51}}]},"16":{"type":"branch","line":74,"loc":{"start":{"line":74,"column":26},"end":{"line":74,"column":51}},"locations":[{"start":{"line":74,"column":26},"end":{"line":74,"column":51}}]},"17":{"type":"branch","line":87,"loc":{"start":{"line":87,"column":2},"end":{"line":93,"column":3}},"locations":[{"start":{"line":87,"column":2},"end":{"line":93,"column":3}}]},"18":{"type":"branch","line":88,"loc":{"start":{"line":88,"column":45},"end":{"line":88,"column":65}},"locations":[{"start":{"line":88,"column":45},"end":{"line":88,"column":65}}]},"19":{"type":"branch","line":91,"loc":{"start":{"line":91,"column":6},"end":{"line":91,"column":47}},"locations":[{"start":{"line":91,"column":6},"end":{"line":91,"column":47}}]},"20":{"type":"branch","line":91,"loc":{"start":{"line":91,"column":22},"end":{"line":91,"column":47}},"locations":[{"start":{"line":91,"column":22},"end":{"line":91,"column":47}}]},"21":{"type":"branch","line":98,"loc":{"start":{"line":98,"column":2},"end":{"line":118,"column":3}},"locations":[{"start":{"line":98,"column":2},"end":{"line":118,"column":3}}]},"22":{"type":"branch","line":100,"loc":{"start":{"line":100,"column":15},"end":{"line":100,"column":22}},"locations":[{"start":{"line":100,"column":15},"end":{"line":100,"column":22}}]},"23":{"type":"branch","line":105,"loc":{"start":{"line":105,"column":8},"end":{"line":105,"column":48}},"locations":[{"start":{"line":105,"column":8},"end":{"line":105,"column":48}}]},"24":{"type":"branch","line":105,"loc":{"start":{"line":105,"column":48},"end":{"line":113,"column":11}},"locations":[{"start":{"line":105,"column":48},"end":{"line":113,"column":11}}]},"25":{"type":"branch","line":123,"loc":{"start":{"line":123,"column":2},"end":{"line":131,"column":3}},"locations":[{"start":{"line":123,"column":2},"end":{"line":131,"column":3}}]},"26":{"type":"branch","line":136,"loc":{"start":{"line":136,"column":2},"end":{"line":138,"column":3}},"locations":[{"start":{"line":136,"column":2},"end":{"line":138,"column":3}}]},"27":{"type":"branch","line":137,"loc":{"start":{"line":137,"column":47},"end":{"line":137,"column":68}},"locations":[{"start":{"line":137,"column":47},"end":{"line":137,"column":68}}]},"28":{"type":"branch","line":143,"loc":{"start":{"line":143,"column":2},"end":{"line":148,"column":3}},"locations":[{"start":{"line":143,"column":2},"end":{"line":148,"column":3}}]},"29":{"type":"branch","line":144,"loc":{"start":{"line":144,"column":40},"end":{"line":144,"column":61}},"locations":[{"start":{"line":144,"column":40},"end":{"line":144,"column":61}}]},"30":{"type":"branch","line":153,"loc":{"start":{"line":153,"column":2},"end":{"line":157,"column":3}},"locations":[{"start":{"line":153,"column":2},"end":{"line":157,"column":3}}]},"31":{"type":"branch","line":155,"loc":{"start":{"line":155,"column":6},"end":{"line":155,"column":47}},"locations":[{"start":{"line":155,"column":6},"end":{"line":155,"column":47}}]},"32":{"type":"branch","line":155,"loc":{"start":{"line":155,"column":22},"end":{"line":155,"column":47}},"locations":[{"start":{"line":155,"column":22},"end":{"line":155,"column":47}}]},"33":{"type":"branch","line":162,"loc":{"start":{"line":162,"column":2},"end":{"line":164,"column":3}},"locations":[{"start":{"line":162,"column":2},"end":{"line":164,"column":3}}]},"34":{"type":"branch","line":169,"loc":{"start":{"line":169,"column":2},"end":{"line":171,"column":3}},"locations":[{"start":{"line":169,"column":2},"end":{"line":171,"column":3}}]},"35":{"type":"branch","line":176,"loc":{"start":{"line":176,"column":2},"end":{"line":179,"column":3}},"locations":[{"start":{"line":176,"column":2},"end":{"line":179,"column":3}}]}},"b":{"0":[22],"1":[1],"2":[1],"3":[8],"4":[2],"5":[3],"6":[2],"7":[5],"8":[1],"9":[9],"10":[2],"11":[13],"12":[3],"13":[1],"14":[2],"15":[4],"16":[1],"17":[3],"18":[6],"19":[3],"20":[1],"21":[1],"22":[0],"23":[0],"24":[0],"25":[1],"26":[1],"27":[1],"28":[1],"29":[1],"30":[2],"31":[1],"32":[0],"33":[3],"34":[1],"35":[1]},"fnMap":{"0":{"name":"GridManager","decl":{"start":{"line":13,"column":2},"end":{"line":15,"column":3}},"loc":{"start":{"line":13,"column":2},"end":{"line":15,"column":3}},"line":13},"1":{"name":"createEmptyGrid","decl":{"start":{"line":20,"column":2},"end":{"line":27,"column":3}},"loc":{"start":{"line":20,"column":2},"end":{"line":27,"column":3}},"line":20},"2":{"name":"getData","decl":{"start":{"line":32,"column":2},"end":{"line":34,"column":3}},"loc":{"start":{"line":32,"column":2},"end":{"line":34,"column":3}},"line":32},"3":{"name":"setData","decl":{"start":{"line":39,"column":2},"end":{"line":41,"column":3}},"loc":{"start":{"line":39,"column":2},"end":{"line":41,"column":3}},"line":39},"4":{"name":"updateGridSize","decl":{"start":{"line":46,"column":2},"end":{"line":51,"column":3}},"loc":{"start":{"line":46,"column":2},"end":{"line":51,"column":3}},"line":46},"5":{"name":"getCardAt","decl":{"start":{"line":56,"column":2},"end":{"line":60,"column":3}},"loc":{"start":{"line":56,"column":2},"end":{"line":60,"column":3}},"line":56},"6":{"name":"getCardById","decl":{"start":{"line":65,"column":2},"end":{"line":67,"column":3}},"loc":{"start":{"line":65,"column":2},"end":{"line":67,"column":3}},"line":65},"7":{"name":"upsertCard","decl":{"start":{"line":72,"column":2},"end":{"line":82,"column":3}},"loc":{"start":{"line":72,"column":2},"end":{"line":82,"column":3}},"line":72},"8":{"name":"deleteCard","decl":{"start":{"line":87,"column":2},"end":{"line":93,"column":3}},"loc":{"start":{"line":87,"column":2},"end":{"line":93,"column":3}},"line":87},"9":{"name":"moveCard","decl":{"start":{"line":98,"column":2},"end":{"line":118,"column":3}},"loc":{"start":{"line":98,"column":2},"end":{"line":118,"column":3}},"line":98},"10":{"name":"addArrow","decl":{"start":{"line":123,"column":2},"end":{"line":131,"column":3}},"loc":{"start":{"line":123,"column":2},"end":{"line":131,"column":3}},"line":123},"11":{"name":"deleteArrow","decl":{"start":{"line":136,"column":2},"end":{"line":138,"column":3}},"loc":{"start":{"line":136,"column":2},"end":{"line":138,"column":3}},"line":136},"12":{"name":"updateArrow","decl":{"start":{"line":143,"column":2},"end":{"line":148,"column":3}},"loc":{"start":{"line":143,"column":2},"end":{"line":148,"column":3}},"line":143},"13":{"name":"getArrowsForCard","decl":{"start":{"line":153,"column":2},"end":{"line":157,"column":3}},"loc":{"start":{"line":153,"column":2},"end":{"line":157,"column":3}},"line":153},"14":{"name":"getCardCount","decl":{"start":{"line":162,"column":2},"end":{"line":164,"column":3}},"loc":{"start":{"line":162,"column":2},"end":{"line":164,"column":3}},"line":162},"15":{"name":"getArrowCount","decl":{"start":{"line":169,"column":2},"end":{"line":171,"column":3}},"loc":{"start":{"line":169,"column":2},"end":{"line":171,"column":3}},"line":169},"16":{"name":"clear","decl":{"start":{"line":176,"column":2},"end":{"line":179,"column":3}},"loc":{"start":{"line":176,"column":2},"end":{"line":179,"column":3}},"line":176}},"f":{"0":22,"1":1,"2":8,"3":0,"4":2,"5":3,"6":9,"7":3,"8":3,"9":1,"10":1,"11":1,"12":1,"13":2,"14":3,"15":1,"16":1}}
,"/Users/chilos/PetProjects/logseq-plagins/cardbord/src/storage/GridDataManager.ts": {"path":"/Users/chilos/PetProjects/logseq-plagins/cardbord/src/storage/GridDataManager.ts","all":true,"statementMap":{"1":{"start":{"line":2,"column":0},"end":{"line":2,"column":126}},"2":{"start":{"line":3,"column":0},"end":{"line":3,"column":51}},"4":{"start":{"line":5,"column":0},"end":{"line":5,"column":30}},"5":{"start":{"line":6,"column":0},"end":{"line":6,"column":59}},"6":{"start":{"line":7,"column":0},"end":{"line":7,"column":41}},"7":{"start":{"line":8,"column":0},"end":{"line":8,"column":64}},"8":{"start":{"line":9,"column":0},"end":{"line":9,"column":53}},"9":{"start":{"line":10,"column":0},"end":{"line":10,"column":51}},"10":{"start":{"line":11,"column":0},"end":{"line":11,"column":51}},"11":{"start":{"line":12,"column":0},"end":{"line":12,"column":3}},"13":{"start":{"line":14,"column":0},"end":{"line":14,"column":47}},"14":{"start":{"line":15,"column":0},"end":{"line":15,"column":53}},"15":{"start":{"line":16,"column":0},"end":{"line":16,"column":51}},"17":{"start":{"line":18,"column":0},"end":{"line":18,"column":48}},"18":{"start":{"line":19,"column":0},"end":{"line":19,"column":69}},"19":{"start":{"line":20,"column":0},"end":{"line":20,"column":44}},"21":{"start":{"line":22,"column":0},"end":{"line":22,"column":47}},"23":{"start":{"line":24,"column":0},"end":{"line":24,"column":36}},"24":{"start":{"line":25,"column":0},"end":{"line":25,"column":63}},"26":{"start":{"line":27,"column":0},"end":{"line":27,"column":9}},"27":{"start":{"line":28,"column":0},"end":{"line":28,"column":53}},"28":{"start":{"line":29,"column":0},"end":{"line":29,"column":76}},"29":{"start":{"line":30,"column":0},"end":{"line":30,"column":39}},"30":{"start":{"line":31,"column":0},"end":{"line":31,"column":13}},"31":{"start":{"line":32,"column":0},"end":{"line":32,"column":37}},"32":{"start":{"line":33,"column":0},"end":{"line":33,"column":5}},"33":{"start":{"line":34,"column":0},"end":{"line":34,"column":3}},"35":{"start":{"line":36,"column":0},"end":{"line":36,"column":45}},"36":{"start":{"line":37,"column":0},"end":{"line":37,"column":53}},"37":{"start":{"line":38,"column":0},"end":{"line":38,"column":51}},"38":{"start":{"line":39,"column":0},"end":{"line":39,"column":46}},"39":{"start":{"line":40,"column":0},"end":{"line":40,"column":3}},"40":{"start":{"line":41,"column":0},"end":{"line":41,"column":1}}},"s":{"1":0,"2":0,"4":0,"5":0,"6":0,"7":0,"8":0,"9":0,"10":0,"11":0,"13":0,"14":0,"15":0,"17":0,"18":0,"19":0,"21":0,"23":0,"24":0,"26":0,"27":0,"28":0,"29":0,"30":0,"31":0,"32":0,"33":0,"35":0,"36":0,"37":0,"38":0,"39":0,"40":0},"branchMap":{"0":{"type":"branch","line":1,"loc":{"start":{"line":1,"column":1502},"end":{"line":41,"column":1}},"locations":[{"start":{"line":1,"column":1502},"end":{"line":41,"column":1}}]}},"b":{"0":[1]},"fnMap":{"0":{"name":"(empty-report)","decl":{"start":{"line":1,"column":1502},"end":{"line":41,"column":1}},"loc":{"start":{"line":1,"column":1502},"end":{"line":41,"column":1}},"line":1}},"f":{"0":1}}
,"/Users/chilos/PetProjects/logseq-plagins/cardbord/src/styles/index.ts": {"path":"/Users/chilos/PetProjects/logseq-plagins/cardbord/src/styles/index.ts","all":true,"statementMap":{"5":{"start":{"line":6,"column":0},"end":{"line":6,"column":35}},"6":{"start":{"line":7,"column":0},"end":{"line":7,"column":45}},"7":{"start":{"line":8,"column":0},"end":{"line":8,"column":45}},"8":{"start":{"line":9,"column":0},"end":{"line":9,"column":37}},"11":{"start":{"line":12,"column":0},"end":{"line":12,"column":31}},"12":{"start":{"line":13,"column":0},"end":{"line":13,"column":11}},"13":{"start":{"line":14,"column":0},"end":{"line":14,"column":16}},"14":{"start":{"line":15,"column":0},"end":{"line":15,"column":16}},"15":{"start":{"line":16,"column":0},"end":{"line":16,"column":12}}},"s":{"5":0,"6":0,"7":0,"8":0,"11":0,"12":0,"13":0,"14":0,"15":0},"branchMap":{"0":{"type":"branch","line":1,"loc":{"start":{"line":1,"column":466},"end":{"line":20,"column":61}},"locations":[{"start":{"line":1,"column":466},"end":{"line":20,"column":61}}]}},"b":{"0":[1]},"fnMap":{"0":{"name":"(empty-report)","decl":{"start":{"line":1,"column":466},"end":{"line":20,"column":61}},"loc":{"start":{"line":1,"column":466},"end":{"line":20,"column":61}},"line":1}},"f":{"0":1}}
,"/Users/chilos/PetProjects/logseq-plagins/cardbord/src/types/index.ts": {"path":"/Users/chilos/PetProjects/logseq-plagins/cardbord/src/types/index.ts","all":true,"statementMap":{},"s":{},"branchMap":{"0":{"type":"branch","line":1,"loc":{"start":{"line":1,"column":3089},"end":{"line":174,"column":40}},"locations":[{"start":{"line":1,"column":3089},"end":{"line":174,"column":40}}]}},"b":{"0":[1]},"fnMap":{"0":{"name":"(empty-report)","decl":{"start":{"line":1,"column":3089},"end":{"line":174,"column":40}},"loc":{"start":{"line":1,"column":3089},"end":{"line":174,"column":40}},"line":1}},"f":{"0":1}}
,"/Users/chilos/PetProjects/logseq-plagins/cardbord/src/ui/ArrowRenderer.ts": {"path":"/Users/chilos/PetProjects/logseq-plagins/cardbord/src/ui/ArrowRenderer.ts","all":false,"statementMap":{"6":{"start":{"line":7,"column":0},"end":{"line":7,"column":120}},"7":{"start":{"line":8,"column":0},"end":{"line":8,"column":52}},"9":{"start":{"line":10,"column":0},"end":{"line":10,"column":28}},"14":{"start":{"line":15,"column":0},"end":{"line":15,"column":86}},"15":{"start":{"line":16,"column":0},"end":{"line":16,"column":19}},"16":{"start":{"line":17,"column":0},"end":{"line":17,"column":25}},"17":{"start":{"line":18,"column":0},"end":{"line":18,"column":41}},"18":{"start":{"line":19,"column":0},"end":{"line":19,"column":32}},"19":{"start":{"line":20,"column":0},"end":{"line":20,"column":3}},"24":{"start":{"line":25,"column":0},"end":{"line":25,"column":40}},"26":{"start":{"line":27,"column":0},"end":{"line":27,"column":46}},"27":{"start":{"line":28,"column":0},"end":{"line":28,"column":16}},"28":{"start":{"line":29,"column":0},"end":{"line":29,"column":76}},"29":{"start":{"line":30,"column":0},"end":{"line":30,"column":33}},"30":{"start":{"line":31,"column":0},"end":{"line":31,"column":5}},"33":{"start":{"line":34,"column":0},"end":{"line":34,"column":41}},"34":{"start":{"line":35,"column":0},"end":{"line":35,"column":86}},"35":{"start":{"line":36,"column":0},"end":{"line":36,"column":52}},"36":{"start":{"line":37,"column":0},"end":{"line":37,"column":47}},"37":{"start":{"line":38,"column":0},"end":{"line":38,"column":48}},"38":{"start":{"line":39,"column":0},"end":{"line":39,"column":39}},"39":{"start":{"line":40,"column":0},"end":{"line":40,"column":39}},"40":{"start":{"line":41,"column":0},"end":{"line":41,"column":44}},"41":{"start":{"line":42,"column":0},"end":{"line":42,"column":59}},"43":{"start":{"line":44,"column":0},"end":{"line":44,"column":88}},"44":{"start":{"line":45,"column":0},"end":{"line":45,"column":55}},"45":{"start":{"line":46,"column":0},"end":{"line":46,"column":42}},"47":{"start":{"line":48,"column":0},"end":{"line":48,"column":34}},"48":{"start":{"line":49,"column":0},"end":{"line":49,"column":31}},"49":{"start":{"line":50,"column":0},"end":{"line":50,"column":7}},"50":{"start":{"line":51,"column":0},"end":{"line":51,"column":3}},"55":{"start":{"line":56,"column":0},"end":{"line":56,"column":48}},"56":{"start":{"line":57,"column":0},"end":{"line":57,"column":53}},"57":{"start":{"line":58,"column":0},"end":{"line":58,"column":55}},"58":{"start":{"line":59,"column":0},"end":{"line":59,"column":3}},"63":{"start":{"line":64,"column":0},"end":{"line":64,"column":17}},"65":{"start":{"line":66,"column":0},"end":{"line":66,"column":50}},"66":{"start":{"line":67,"column":0},"end":{"line":67,"column":36}},"67":{"start":{"line":68,"column":0},"end":{"line":68,"column":3}},"72":{"start":{"line":73,"column":0},"end":{"line":73,"column":93}},"73":{"start":{"line":74,"column":0},"end":{"line":74,"column":17}},"75":{"start":{"line":76,"column":0},"end":{"line":76,"column":29}},"76":{"start":{"line":77,"column":0},"end":{"line":77,"column":51}},"77":{"start":{"line":78,"column":0},"end":{"line":78,"column":7}},"78":{"start":{"line":79,"column":0},"end":{"line":79,"column":3}},"83":{"start":{"line":84,"column":0},"end":{"line":84,"column":97}},"84":{"start":{"line":85,"column":0},"end":{"line":85,"column":58}},"85":{"start":{"line":86,"column":0},"end":{"line":86,"column":54}},"87":{"start":{"line":88,"column":0},"end":{"line":88,"column":37}},"90":{"start":{"line":91,"column":0},"end":{"line":91,"column":64}},"91":{"start":{"line":92,"column":0},"end":{"line":92,"column":60}},"92":{"start":{"line":93,"column":0},"end":{"line":93,"column":112}},"95":{"start":{"line":96,"column":0},"end":{"line":96,"column":80}},"96":{"start":{"line":97,"column":0},"end":{"line":97,"column":74}},"97":{"start":{"line":98,"column":0},"end":{"line":98,"column":111}},"100":{"start":{"line":101,"column":0},"end":{"line":101,"column":60}},"101":{"start":{"line":102,"column":0},"end":{"line":102,"column":60}},"104":{"start":{"line":105,"column":0},"end":{"line":105,"column":79}},"105":{"start":{"line":106,"column":0},"end":{"line":106,"column":139}},"108":{"start":{"line":109,"column":0},"end":{"line":109,"column":78}},"109":{"start":{"line":110,"column":0},"end":{"line":110,"column":48}},"112":{"start":{"line":113,"column":0},"end":{"line":113,"column":40}},"113":{"start":{"line":114,"column":0},"end":{"line":114,"column":49}},"114":{"start":{"line":115,"column":0},"end":{"line":115,"column":77}},"115":{"start":{"line":116,"column":0},"end":{"line":116,"column":7}},"118":{"start":{"line":119,"column":0},"end":{"line":119,"column":23}},"119":{"start":{"line":120,"column":0},"end":{"line":120,"column":37}},"120":{"start":{"line":121,"column":0},"end":{"line":121,"column":46}},"121":{"start":{"line":122,"column":0},"end":{"line":122,"column":28}},"122":{"start":{"line":123,"column":0},"end":{"line":123,"column":28}},"123":{"start":{"line":124,"column":0},"end":{"line":124,"column":9}},"124":{"start":{"line":125,"column":0},"end":{"line":125,"column":5}},"126":{"start":{"line":127,"column":0},"end":{"line":127,"column":32}},"127":{"start":{"line":128,"column":0},"end":{"line":128,"column":3}},"132":{"start":{"line":133,"column":0},"end":{"line":133,"column":28}},"133":{"start":{"line":134,"column":0},"end":{"line":134,"column":17}},"134":{"start":{"line":135,"column":0},"end":{"line":135,"column":19}},"135":{"start":{"line":136,"column":0},"end":{"line":136,"column":15}},"136":{"start":{"line":137,"column":0},"end":{"line":137,"column":17}},"137":{"start":{"line":138,"column":0},"end":{"line":138,"column":17}},"138":{"start":{"line":139,"column":0},"end":{"line":139,"column":61}},"139":{"start":{"line":140,"column":0},"end":{"line":140,"column":65}},"142":{"start":{"line":143,"column":0},"end":{"line":143,"column":47}},"143":{"start":{"line":144,"column":0},"end":{"line":144,"column":35}},"144":{"start":{"line":145,"column":0},"end":{"line":145,"column":70}},"147":{"start":{"line":148,"column":0},"end":{"line":148,"column":29}},"148":{"start":{"line":149,"column":0},"end":{"line":149,"column":33}},"149":{"start":{"line":150,"column":0},"end":{"line":150,"column":69}},"150":{"start":{"line":151,"column":0},"end":{"line":151,"column":60}},"151":{"start":{"line":152,"column":0},"end":{"line":152,"column":113}},"152":{"start":{"line":153,"column":0},"end":{"line":153,"column":28}},"153":{"start":{"line":154,"column":0},"end":{"line":154,"column":16}},"154":{"start":{"line":155,"column":0},"end":{"line":155,"column":9}},"155":{"start":{"line":156,"column":0},"end":{"line":156,"column":7}},"156":{"start":{"line":157,"column":0},"end":{"line":157,"column":37}},"157":{"start":{"line":158,"column":0},"end":{"line":158,"column":5}},"160":{"start":{"line":161,"column":0},"end":{"line":161,"column":80}},"161":{"start":{"line":162,"column":0},"end":{"line":162,"column":25}},"162":{"start":{"line":163,"column":0},"end":{"line":163,"column":43}},"164":{"start":{"line":165,"column":0},"end":{"line":165,"column":46}},"165":{"start":{"line":166,"column":0},"end":{"line":166,"column":41}},"166":{"start":{"line":167,"column":0},"end":{"line":167,"column":74}},"167":{"start":{"line":168,"column":0},"end":{"line":168,"column":34}},"168":{"start":{"line":169,"column":0},"end":{"line":169,"column":80}},"169":{"start":{"line":170,"column":0},"end":{"line":170,"column":25}},"170":{"start":{"line":171,"column":0},"end":{"line":171,"column":56}},"171":{"start":{"line":172,"column":0},"end":{"line":172,"column":7}},"172":{"start":{"line":173,"column":0},"end":{"line":173,"column":5}},"174":{"start":{"line":175,"column":0},"end":{"line":175,"column":20}},"175":{"start":{"line":176,"column":0},"end":{"line":176,"column":3}},"180":{"start":{"line":181,"column":0},"end":{"line":181,"column":24}},"181":{"start":{"line":182,"column":0},"end":{"line":182,"column":23}},"182":{"start":{"line":183,"column":0},"end":{"line":183,"column":61}},"183":{"start":{"line":184,"column":0},"end":{"line":184,"column":17}},"184":{"start":{"line":185,"column":0},"end":{"line":185,"column":20}},"185":{"start":{"line":186,"column":0},"end":{"line":186,"column":22}},"186":{"start":{"line":187,"column":0},"end":{"line":187,"column":24}},"187":{"start":{"line":188,"column":0},"end":{"line":188,"column":19}},"188":{"start":{"line":189,"column":0},"end":{"line":189,"column":11}},"189":{"start":{"line":190,"column":0},"end":{"line":190,"column":80}},"191":{"start":{"line":192,"column":0},"end":{"line":192,"column":50}},"192":{"start":{"line":193,"column":0},"end":{"line":193,"column":46}},"195":{"start":{"line":196,"column":0},"end":{"line":196,"column":59}},"196":{"start":{"line":197,"column":0},"end":{"line":197,"column":36}},"197":{"start":{"line":198,"column":0},"end":{"line":198,"column":38}},"198":{"start":{"line":199,"column":0},"end":{"line":199,"column":55}},"199":{"start":{"line":200,"column":0},"end":{"line":200,"column":84}},"200":{"start":{"line":201,"column":0},"end":{"line":201,"column":5}},"203":{"start":{"line":204,"column":0},"end":{"line":204,"column":15}},"204":{"start":{"line":205,"column":0},"end":{"line":205,"column":30}},"205":{"start":{"line":206,"column":0},"end":{"line":206,"column":62}},"206":{"start":{"line":207,"column":0},"end":{"line":207,"column":7}},"207":{"start":{"line":208,"column":0},"end":{"line":208,"column":30}},"210":{"start":{"line":211,"column":0},"end":{"line":211,"column":30}},"211":{"start":{"line":212,"column":0},"end":{"line":212,"column":101}},"212":{"start":{"line":213,"column":0},"end":{"line":213,"column":5}},"214":{"start":{"line":215,"column":0},"end":{"line":215,"column":45}},"215":{"start":{"line":216,"column":0},"end":{"line":216,"column":43}},"216":{"start":{"line":217,"column":0},"end":{"line":217,"column":38}},"217":{"start":{"line":218,"column":0},"end":{"line":218,"column":49}},"218":{"start":{"line":219,"column":0},"end":{"line":219,"column":50}},"219":{"start":{"line":220,"column":0},"end":{"line":220,"column":46}},"221":{"start":{"line":222,"column":0},"end":{"line":222,"column":69}},"223":{"start":{"line":224,"column":0},"end":{"line":224,"column":17}},"224":{"start":{"line":225,"column":0},"end":{"line":225,"column":56}},"225":{"start":{"line":226,"column":0},"end":{"line":226,"column":88}},"226":{"start":{"line":227,"column":0},"end":{"line":227,"column":5}},"228":{"start":{"line":229,"column":0},"end":{"line":229,"column":28}},"229":{"start":{"line":230,"column":0},"end":{"line":230,"column":3}},"234":{"start":{"line":235,"column":0},"end":{"line":235,"column":40}},"235":{"start":{"line":236,"column":0},"end":{"line":236,"column":25}},"237":{"start":{"line":238,"column":0},"end":{"line":238,"column":48}},"238":{"start":{"line":239,"column":0},"end":{"line":239,"column":15}},"239":{"start":{"line":240,"column":0},"end":{"line":240,"column":54}},"240":{"start":{"line":241,"column":0},"end":{"line":241,"column":39}},"241":{"start":{"line":242,"column":0},"end":{"line":242,"column":5}},"242":{"start":{"line":243,"column":0},"end":{"line":243,"column":32}},"243":{"start":{"line":244,"column":0},"end":{"line":244,"column":3}},"244":{"start":{"line":245,"column":0},"end":{"line":245,"column":1}}},"s":{"6":1,"7":1,"9":1,"14":1,"15":19,"16":19,"17":19,"18":19,"19":19,"24":1,"26":21,"27":21,"28":19,"29":19,"30":19,"33":21,"34":61,"35":61,"36":61,"37":61,"38":61,"39":61,"40":61,"41":61,"43":61,"44":61,"45":61,"47":61,"48":61,"49":21,"50":21,"55":1,"56":1,"57":1,"58":1,"63":1,"65":14,"66":14,"67":14,"72":1,"73":12,"75":12,"76":10,"77":12,"78":12,"83":1,"84":10,"85":10,"87":10,"90":9,"91":9,"92":9,"95":9,"96":9,"97":9,"100":9,"101":9,"104":9,"105":9,"108":9,"109":9,"112":9,"113":13,"114":13,"115":9,"118":10,"119":1,"120":1,"121":0,"122":0,"123":1,"124":1,"126":9,"127":10,"132":1,"133":9,"134":9,"135":9,"136":9,"137":9,"138":9,"139":9,"142":9,"143":459,"144":459,"147":459,"148":459,"149":1020,"150":102,"151":1020,"152":90,"153":90,"154":90,"155":1020,"156":459,"157":459,"160":9,"161":9,"162":9,"164":9,"165":459,"166":459,"167":459,"168":13,"169":13,"170":13,"171":13,"172":459,"174":9,"175":9,"180":1,"181":13,"182":13,"183":13,"184":13,"185":13,"186":13,"187":13,"188":13,"189":13,"191":13,"192":13,"195":13,"196":13,"197":13,"198":459,"199":459,"200":459,"203":13,"204":13,"205":459,"206":13,"207":13,"210":13,"211":9,"212":9,"214":13,"215":13,"216":13,"217":13,"218":13,"219":13,"221":13,"223":13,"224":9,"225":9,"226":9,"228":13,"229":13,"234":1,"235":2,"237":2,"238":2,"239":2,"240":2,"241":2,"242":2,"243":2,"244":1},"branchMap":{"0":{"type":"branch","line":15,"loc":{"start":{"line":15,"column":2},"end":{"line":20,"column":3}},"locations":[{"start":{"line":15,"column":2},"end":{"line":20,"column":3}}]},"1":{"type":"branch","line":25,"loc":{"start":{"line":25,"column":10},"end":{"line":51,"column":3}},"locations":[{"start":{"line":25,"column":10},"end":{"line":51,"column":3}}]},"2":{"type":"branch","line":28,"loc":{"start":{"line":28,"column":15},"end":{"line":31,"column":5}},"locations":[{"start":{"line":28,"column":15},"end":{"line":31,"column":5}}]},"3":{"type":"branch","line":34,"loc":{"start":{"line":34,"column":24},"end":{"line":50,"column":5}},"locations":[{"start":{"line":34,"column":24},"end":{"line":50,"column":5}}]},"4":{"type":"branch","line":56,"loc":{"start":{"line":56,"column":2},"end":{"line":59,"column":3}},"locations":[{"start":{"line":56,"column":2},"end":{"line":59,"column":3}}]},"5":{"type":"branch","line":64,"loc":{"start":{"line":64,"column":2},"end":{"line":68,"column":3}},"locations":[{"start":{"line":64,"column":2},"end":{"line":68,"column":3}}]},"6":{"type":"branch","line":67,"loc":{"start":{"line":67,"column":19},"end":{"line":67,"column":34}},"locations":[{"start":{"line":67,"column":19},"end":{"line":67,"column":34}}]},"7":{"type":"branch","line":73,"loc":{"start":{"line":73,"column":2},"end":{"line":79,"column":3}},"locations":[{"start":{"line":73,"column":2},"end":{"line":79,"column":3}}]},"8":{"type":"branch","line":76,"loc":{"start":{"line":76,"column":19},"end":{"line":78,"column":5}},"locations":[{"start":{"line":76,"column":19},"end":{"line":78,"column":5}}]},"9":{"type":"branch","line":84,"loc":{"start":{"line":84,"column":10},"end":{"line":128,"column":3}},"locations":[{"start":{"line":84,"column":10},"end":{"line":128,"column":3}}]},"10":{"type":"branch","line":88,"loc":{"start":{"line":88,"column":9},"end":{"line":88,"column":30}},"locations":[{"start":{"line":88,"column":9},"end":{"line":88,"column":30}}]},"11":{"type":"branch","line":88,"loc":{"start":{"line":88,"column":30},"end":{"line":88,"column":37}},"locations":[{"start":{"line":88,"column":30},"end":{"line":88,"column":37}}]},"12":{"type":"branch","line":88,"loc":{"start":{"line":88,"column":30},"end":{"line":119,"column":22}},"locations":[{"start":{"line":88,"column":30},"end":{"line":119,"column":22}}]},"13":{"type":"branch","line":119,"loc":{"start":{"line":119,"column":22},"end":{"line":125,"column":5}},"locations":[{"start":{"line":119,"column":22},"end":{"line":125,"column":5}}]},"14":{"type":"branch","line":125,"loc":{"start":{"line":125,"column":4},"end":{"line":127,"column":32}},"locations":[{"start":{"line":125,"column":4},"end":{"line":127,"column":32}}]},"15":{"type":"branch","line":85,"loc":{"start":{"line":85,"column":32},"end":{"line":85,"column":56}},"locations":[{"start":{"line":85,"column":32},"end":{"line":85,"column":56}}]},"16":{"type":"branch","line":86,"loc":{"start":{"line":86,"column":30},"end":{"line":86,"column":52}},"locations":[{"start":{"line":86,"column":30},"end":{"line":86,"column":52}}]},"17":{"type":"branch","line":113,"loc":{"start":{"line":113,"column":21},"end":{"line":116,"column":5}},"locations":[{"start":{"line":113,"column":21},"end":{"line":116,"column":5}}]},"18":{"type":"branch","line":133,"loc":{"start":{"line":133,"column":10},"end":{"line":176,"column":3}},"locations":[{"start":{"line":133,"column":10},"end":{"line":176,"column":3}}]},"19":{"type":"branch","line":143,"loc":{"start":{"line":143,"column":46},"end":{"line":158,"column":5}},"locations":[{"start":{"line":143,"column":46},"end":{"line":158,"column":5}}]},"20":{"type":"branch","line":149,"loc":{"start":{"line":149,"column":32},"end":{"line":156,"column":7}},"locations":[{"start":{"line":149,"column":32},"end":{"line":156,"column":7}}]},"21":{"type":"branch","line":150,"loc":{"start":{"line":150,"column":30},"end":{"line":150,"column":60}},"locations":[{"start":{"line":150,"column":30},"end":{"line":150,"column":60}}]},"22":{"type":"branch","line":150,"loc":{"start":{"line":150,"column":60},"end":{"line":150,"column":69}},"locations":[{"start":{"line":150,"column":60},"end":{"line":150,"column":69}}]},"23":{"type":"branch","line":150,"loc":{"start":{"line":150,"column":60},"end":{"line":152,"column":33}},"locations":[{"start":{"line":150,"column":60},"end":{"line":152,"column":33}}]},"24":{"type":"branch","line":152,"loc":{"start":{"line":152,"column":28},"end":{"line":152,"column":63}},"locations":[{"start":{"line":152,"column":28},"end":{"line":152,"column":63}}]},"25":{"type":"branch","line":152,"loc":{"start":{"line":152,"column":58},"end":{"line":152,"column":84}},"locations":[{"start":{"line":152,"column":58},"end":{"line":152,"column":84}}]},"26":{"type":"branch","line":152,"loc":{"start":{"line":152,"column":79},"end":{"line":152,"column":112}},"locations":[{"start":{"line":152,"column":79},"end":{"line":152,"column":112}}]},"27":{"type":"branch","line":152,"loc":{"start":{"line":152,"column":112},"end":{"line":155,"column":9}},"locations":[{"start":{"line":152,"column":112},"end":{"line":155,"column":9}}]},"28":{"type":"branch","line":165,"loc":{"start":{"line":165,"column":45},"end":{"line":173,"column":5}},"locations":[{"start":{"line":165,"column":45},"end":{"line":173,"column":5}}]},"29":{"type":"branch","line":167,"loc":{"start":{"line":167,"column":27},"end":{"line":167,"column":74}},"locations":[{"start":{"line":167,"column":27},"end":{"line":167,"column":74}}]},"30":{"type":"branch","line":168,"loc":{"start":{"line":168,"column":10},"end":{"line":168,"column":33}},"locations":[{"start":{"line":168,"column":10},"end":{"line":168,"column":33}}]},"31":{"type":"branch","line":168,"loc":{"start":{"line":168,"column":33},"end":{"line":172,"column":7}},"locations":[{"start":{"line":168,"column":33},"end":{"line":172,"column":7}}]},"32":{"type":"branch","line":171,"loc":{"start":{"line":171,"column":21},"end":{"line":171,"column":56}},"locations":[{"start":{"line":171,"column":21},"end":{"line":171,"column":56}}]},"33":{"type":"branch","line":181,"loc":{"start":{"line":181,"column":10},"end":{"line":230,"column":3}},"locations":[{"start":{"line":181,"column":10},"end":{"line":230,"column":3}}]},"34":{"type":"branch","line":198,"loc":{"start":{"line":198,"column":37},"end":{"line":201,"column":5}},"locations":[{"start":{"line":198,"column":37},"end":{"line":201,"column":5}}]},"35":{"type":"branch","line":211,"loc":{"start":{"line":211,"column":29},"end":{"line":213,"column":5}},"locations":[{"start":{"line":211,"column":29},"end":{"line":213,"column":5}}]},"36":{"type":"branch","line":222,"loc":{"start":{"line":222,"column":24},"end":{"line":222,"column":69}},"locations":[{"start":{"line":222,"column":24},"end":{"line":222,"column":69}}]},"37":{"type":"branch","line":224,"loc":{"start":{"line":224,"column":16},"end":{"line":227,"column":5}},"locations":[{"start":{"line":224,"column":16},"end":{"line":227,"column":5}}]},"38":{"type":"branch","line":205,"loc":{"start":{"line":205,"column":19},"end":{"line":207,"column":5}},"locations":[{"start":{"line":205,"column":19},"end":{"line":207,"column":5}}]},"39":{"type":"branch","line":206,"loc":{"start":{"line":206,"column":18},"end":{"line":206,"column":42}},"locations":[{"start":{"line":206,"column":18},"end":{"line":206,"column":42}}]},"40":{"type":"branch","line":206,"loc":{"start":{"line":206,"column":37},"end":{"line":206,"column":62}},"locations":[{"start":{"line":206,"column":37},"end":{"line":206,"column":62}}]},"41":{"type":"branch","line":235,"loc":{"start":{"line":235,"column":2},"end":{"line":244,"column":3}},"locations":[{"start":{"line":235,"column":2},"end":{"line":244,"column":3}}]},"42":{"type":"branch","line":241,"loc":{"start":{"line":241,"column":22},"end":{"line":241,"column":37}},"locations":[{"start":{"line":241,"column":22},"end":{"line":241,"column":37}}]}},"b":{"0":[19],"1":[21],"2":[19],"3":[61],"4":[1],"5":[14],"6":[2],"7":[12],"8":[10],"9":[10],"10":[9],"11":[1],"12":[9],"13":[1],"14":[9],"15":[11],"16":[20],"17":[13],"18":[9],"19":[459],"20":[1020],"21":[561],"22":[918],"23":[102],"24":[96],"25":[90],"26":[90],"27":[90],"28":[459],"29":[450],"30":[455],"31":[13],"32":[4],"33":[13],"34":[459],"35":[9],"36":[2],"37":[9],"38":[459],"39":[13],"40":[446],"41":[2],"42":[6]},"fnMap":{"0":{"name":"ArrowRenderer","decl":{"start":{"line":15,"column":2},"end":{"line":20,"column":3}},"loc":{"start":{"line":15,"column":2},"end":{"line":20,"column":3}},"line":15},"1":{"name":"initializeArrowheads","decl":{"start":{"line":25,"column":10},"end":{"line":51,"column":3}},"loc":{"start":{"line":25,"column":10},"end":{"line":51,"column":3}},"line":25},"2":{"name":"setSize","decl":{"start":{"line":56,"column":2},"end":{"line":59,"column":3}},"loc":{"start":{"line":56,"column":2},"end":{"line":59,"column":3}},"line":56},"3":{"name":"clear","decl":{"start":{"line":64,"column":2},"end":{"line":68,"column":3}},"loc":{"start":{"line":64,"column":2},"end":{"line":68,"column":3}},"line":64},"4":{"name":"renderArrows","decl":{"start":{"line":73,"column":2},"end":{"line":79,"column":3}},"loc":{"start":{"line":73,"column":2},"end":{"line":79,"column":3}},"line":73},"5":{"name":"renderArrow","decl":{"start":{"line":84,"column":10},"end":{"line":128,"column":3}},"loc":{"start":{"line":84,"column":10},"end":{"line":128,"column":3}},"line":84},"6":{"name":"calculateSegments","decl":{"start":{"line":133,"column":10},"end":{"line":176,"column":3}},"loc":{"start":{"line":133,"column":10},"end":{"line":176,"column":3}},"line":133},"7":{"name":"renderSegment","decl":{"start":{"line":181,"column":10},"end":{"line":230,"column":3}},"loc":{"start":{"line":181,"column":10},"end":{"line":230,"column":3}},"line":181},"8":{"name":"updateColors","decl":{"start":{"line":235,"column":2},"end":{"line":244,"column":3}},"loc":{"start":{"line":235,"column":2},"end":{"line":244,"column":3}},"line":235}},"f":{"0":19,"1":21,"2":1,"3":14,"4":12,"5":10,"6":9,"7":13,"8":2}}
,"/Users/chilos/PetProjects/logseq-plagins/cardbord/src/ui/EditorModal.ts": {"path":"/Users/chilos/PetProjects/logseq-plagins/cardbord/src/ui/EditorModal.ts","all":true,"statementMap":{"1":{"start":{"line":2,"column":0},"end":{"line":2,"column":74}},"2":{"start":{"line":3,"column":0},"end":{"line":3,"column":51}},"4":{"start":{"line":5,"column":0},"end":{"line":5,"column":26}},"5":{"start":{"line":6,"column":0},"end":{"line":6,"column":45}},"7":{"start":{"line":8,"column":0},"end":{"line":8,"column":59}},"8":{"start":{"line":9,"column":0},"end":{"line":9,"column":97}},"11":{"start":{"line":12,"column":0},"end":{"line":12,"column":68}},"12":{"start":{"line":13,"column":0},"end":{"line":13,"column":36}},"15":{"start":{"line":16,"column":0},"end":{"line":16,"column":29}},"16":{"start":{"line":17,"column":0},"end":{"line":17,"column":9}},"17":{"start":{"line":18,"column":0},"end":{"line":18,"column":37}},"18":{"start":{"line":19,"column":0},"end":{"line":19,"column":94}},"19":{"start":{"line":20,"column":0},"end":{"line":20,"column":45}},"20":{"start":{"line":21,"column":0},"end":{"line":21,"column":106}},"21":{"start":{"line":22,"column":0},"end":{"line":22,"column":38}},"22":{"start":{"line":23,"column":0},"end":{"line":23,"column":14}},"23":{"start":{"line":24,"column":0},"end":{"line":24,"column":85}},"24":{"start":{"line":25,"column":0},"end":{"line":25,"column":45}},"25":{"start":{"line":26,"column":0},"end":{"line":26,"column":7}},"26":{"start":{"line":27,"column":0},"end":{"line":27,"column":13}},"27":{"start":{"line":28,"column":0},"end":{"line":28,"column":43}},"28":{"start":{"line":29,"column":0},"end":{"line":29,"column":5}},"30":{"start":{"line":31,"column":0},"end":{"line":31,"column":81}},"32":{"start":{"line":33,"column":0},"end":{"line":33,"column":23}},"33":{"start":{"line":34,"column":0},"end":{"line":34,"column":180}},"37":{"start":{"line":38,"column":0},"end":{"line":38,"column":282}},"46":{"start":{"line":47,"column":0},"end":{"line":47,"column":62}},"48":{"start":{"line":49,"column":0},"end":{"line":49,"column":84}},"49":{"start":{"line":50,"column":0},"end":{"line":50,"column":88}},"50":{"start":{"line":51,"column":0},"end":{"line":51,"column":87}},"52":{"start":{"line":53,"column":0},"end":{"line":53,"column":30}},"53":{"start":{"line":54,"column":0},"end":{"line":54,"column":37}},"54":{"start":{"line":55,"column":0},"end":{"line":55,"column":13}},"55":{"start":{"line":56,"column":0},"end":{"line":56,"column":41}},"56":{"start":{"line":57,"column":0},"end":{"line":57,"column":72}},"57":{"start":{"line":58,"column":0},"end":{"line":58,"column":64}},"58":{"start":{"line":59,"column":0},"end":{"line":59,"column":49}},"59":{"start":{"line":60,"column":0},"end":{"line":60,"column":93}},"60":{"start":{"line":61,"column":0},"end":{"line":61,"column":22}},"61":{"start":{"line":62,"column":0},"end":{"line":62,"column":64}},"62":{"start":{"line":63,"column":0},"end":{"line":63,"column":23}},"63":{"start":{"line":64,"column":0},"end":{"line":64,"column":70}},"64":{"start":{"line":65,"column":0},"end":{"line":65,"column":58}},"65":{"start":{"line":66,"column":0},"end":{"line":66,"column":9}},"66":{"start":{"line":67,"column":0},"end":{"line":67,"column":8}},"67":{"start":{"line":68,"column":0},"end":{"line":68,"column":5}},"69":{"start":{"line":70,"column":0},"end":{"line":70,"column":20}},"70":{"start":{"line":71,"column":0},"end":{"line":71,"column":44}},"71":{"start":{"line":72,"column":0},"end":{"line":72,"column":5}},"72":{"start":{"line":73,"column":0},"end":{"line":73,"column":3}},"74":{"start":{"line":75,"column":0},"end":{"line":75,"column":16}},"75":{"start":{"line":76,"column":0},"end":{"line":76,"column":97}},"76":{"start":{"line":77,"column":0},"end":{"line":77,"column":62}},"77":{"start":{"line":78,"column":0},"end":{"line":78,"column":24}},"78":{"start":{"line":79,"column":0},"end":{"line":79,"column":3}},"80":{"start":{"line":81,"column":0},"end":{"line":81,"column":44}},"81":{"start":{"line":82,"column":0},"end":{"line":82,"column":46}},"82":{"start":{"line":83,"column":0},"end":{"line":83,"column":27}},"83":{"start":{"line":84,"column":0},"end":{"line":84,"column":25}},"84":{"start":{"line":85,"column":0},"end":{"line":85,"column":3}},"85":{"start":{"line":86,"column":0},"end":{"line":86,"column":1}}},"s":{"1":0,"2":0,"4":0,"5":0,"7":0,"8":0,"11":0,"12":0,"15":0,"16":0,"17":0,"18":0,"19":0,"20":0,"21":0,"22":0,"23":0,"24":0,"25":0,"26":0,"27":0,"28":0,"30":0,"32":0,"33":0,"37":0,"46":0,"48":0,"49":0,"50":0,"52":0,"53":0,"54":0,"55":0,"56":0,"57":0,"58":0,"59":0,"60":0,"61":0,"62":0,"63":0,"64":0,"65":0,"66":0,"67":0,"69":0,"70":0,"71":0,"72":0,"74":0,"75":0,"76":0,"77":0,"78":0,"80":0,"81":0,"82":0,"83":0,"84":0,"85":0},"branchMap":{"0":{"type":"branch","line":1,"loc":{"start":{"line":1,"column":4176},"end":{"line":86,"column":1}},"locations":[{"start":{"line":1,"column":4176},"end":{"line":86,"column":1}}]}},"b":{"0":[1]},"fnMap":{"0":{"name":"(empty-report)","decl":{"start":{"line":1,"column":4176},"end":{"line":86,"column":1}},"loc":{"start":{"line":1,"column":4176},"end":{"line":86,"column":1}},"line":1}},"f":{"0":1}}
,"/Users/chilos/PetProjects/logseq-plagins/cardbord/src/ui/GridRenderer.ts": {"path":"/Users/chilos/PetProjects/logseq-plagins/cardbord/src/ui/GridRenderer.ts","all":false,"statementMap":{"6":{"start":{"line":7,"column":0},"end":{"line":7,"column":75}},"7":{"start":{"line":8,"column":0},"end":{"line":8,"column":51}},"9":{"start":{"line":10,"column":0},"end":{"line":10,"column":27}},"13":{"start":{"line":14,"column":0},"end":{"line":14,"column":67}},"14":{"start":{"line":15,"column":0},"end":{"line":15,"column":72}},"16":{"start":{"line":17,"column":0},"end":{"line":17,"column":23}},"17":{"start":{"line":18,"column":0},"end":{"line":18,"column":67}},"18":{"start":{"line":19,"column":0},"end":{"line":19,"column":65}},"19":{"start":{"line":20,"column":0},"end":{"line":20,"column":20}},"23":{"start":{"line":24,"column":0},"end":{"line":24,"column":25}},"24":{"start":{"line":25,"column":0},"end":{"line":25,"column":64}},"25":{"start":{"line":26,"column":0},"end":{"line":26,"column":130}},"26":{"start":{"line":27,"column":0},"end":{"line":27,"column":43}},"27":{"start":{"line":28,"column":0},"end":{"line":28,"column":55}},"28":{"start":{"line":29,"column":0},"end":{"line":29,"column":98}},"29":{"start":{"line":30,"column":0},"end":{"line":30,"column":7}},"30":{"start":{"line":31,"column":0},"end":{"line":31,"column":30}},"31":{"start":{"line":32,"column":0},"end":{"line":32,"column":5}},"34":{"start":{"line":35,"column":0},"end":{"line":35,"column":23}},"35":{"start":{"line":36,"column":0},"end":{"line":36,"column":41}},"36":{"start":{"line":37,"column":0},"end":{"line":37,"column":43}},"37":{"start":{"line":38,"column":0},"end":{"line":38,"column":79}},"39":{"start":{"line":40,"column":0},"end":{"line":40,"column":19}},"41":{"start":{"line":42,"column":0},"end":{"line":42,"column":225}},"42":{"start":{"line":43,"column":0},"end":{"line":43,"column":16}},"44":{"start":{"line":45,"column":0},"end":{"line":45,"column":132}},"45":{"start":{"line":46,"column":0},"end":{"line":46,"column":9}},"46":{"start":{"line":47,"column":0},"end":{"line":47,"column":7}},"47":{"start":{"line":48,"column":0},"end":{"line":48,"column":5}},"50":{"start":{"line":51,"column":0},"end":{"line":51,"column":57}},"51":{"start":{"line":52,"column":0},"end":{"line":52,"column":139}},"52":{"start":{"line":53,"column":0},"end":{"line":53,"column":11}},"55":{"start":{"line":56,"column":0},"end":{"line":56,"column":69}},"56":{"start":{"line":57,"column":0},"end":{"line":57,"column":71}},"59":{"start":{"line":60,"column":0},"end":{"line":60,"column":91}},"61":{"start":{"line":62,"column":0},"end":{"line":62,"column":438}},"62":{"start":{"line":63,"column":0},"end":{"line":63,"column":3}},"67":{"start":{"line":68,"column":0},"end":{"line":68,"column":44}},"68":{"start":{"line":69,"column":0},"end":{"line":69,"column":46}},"69":{"start":{"line":70,"column":0},"end":{"line":70,"column":27}},"70":{"start":{"line":71,"column":0},"end":{"line":71,"column":25}},"71":{"start":{"line":72,"column":0},"end":{"line":72,"column":3}},"72":{"start":{"line":73,"column":0},"end":{"line":73,"column":1}}},"s":{"6":1,"7":1,"9":1,"13":1,"14":13,"16":13,"17":13,"18":13,"19":13,"23":13,"24":13,"25":2,"26":2,"27":4,"28":4,"29":4,"30":2,"31":2,"34":13,"35":13,"36":33,"37":152,"39":152,"41":4,"42":152,"44":148,"45":148,"46":152,"47":152,"50":13,"51":2,"52":11,"55":13,"56":13,"59":13,"61":13,"62":13,"67":1,"68":4,"69":4,"70":4,"71":4,"72":1},"branchMap":{"0":{"type":"branch","line":14,"loc":{"start":{"line":14,"column":2},"end":{"line":63,"column":3}},"locations":[{"start":{"line":14,"column":2},"end":{"line":63,"column":3}}]},"1":{"type":"branch","line":25,"loc":{"start":{"line":25,"column":13},"end":{"line":25,"column":63}},"locations":[{"start":{"line":25,"column":13},"end":{"line":25,"column":63}}]},"2":{"type":"branch","line":25,"loc":{"start":{"line":25,"column":63},"end":{"line":32,"column":5}},"locations":[{"start":{"line":25,"column":63},"end":{"line":32,"column":5}}]},"3":{"type":"branch","line":27,"loc":{"start":{"line":27,"column":42},"end":{"line":30,"column":7}},"locations":[{"start":{"line":27,"column":42},"end":{"line":30,"column":7}}]},"4":{"type":"branch","line":28,"loc":{"start":{"line":28,"column":47},"end":{"line":28,"column":55}},"locations":[{"start":{"line":28,"column":47},"end":{"line":28,"column":55}}]},"5":{"type":"branch","line":36,"loc":{"start":{"line":36,"column":40},"end":{"line":51,"column":32}},"locations":[{"start":{"line":36,"column":40},"end":{"line":51,"column":32}}]},"6":{"type":"branch","line":37,"loc":{"start":{"line":37,"column":42},"end":{"line":48,"column":5}},"locations":[{"start":{"line":37,"column":42},"end":{"line":48,"column":5}}]},"7":{"type":"branch","line":40,"loc":{"start":{"line":40,"column":18},"end":{"line":43,"column":15}},"locations":[{"start":{"line":40,"column":18},"end":{"line":43,"column":15}}]},"8":{"type":"branch","line":43,"loc":{"start":{"line":43,"column":8},"end":{"line":46,"column":9}},"locations":[{"start":{"line":43,"column":8},"end":{"line":46,"column":9}}]},"9":{"type":"branch","line":51,"loc":{"start":{"line":51,"column":32},"end":{"line":51,"column":57}},"locations":[{"start":{"line":51,"column":32},"end":{"line":51,"column":57}}]},"10":{"type":"branch","line":51,"loc":{"start":{"line":51,"column":50},"end":{"line":52,"column":139}},"locations":[{"start":{"line":51,"column":50},"end":{"line":52,"column":139}}]},"11":{"type":"branch","line":52,"loc":{"start":{"line":52,"column":75},"end":{"line":53,"column":11}},"locations":[{"start":{"line":52,"column":75},"end":{"line":53,"column":11}}]},"12":{"type":"branch","line":60,"loc":{"start":{"line":60,"column":31},"end":{"line":60,"column":83}},"locations":[{"start":{"line":60,"column":31},"end":{"line":60,"column":83}}]},"13":{"type":"branch","line":60,"loc":{"start":{"line":60,"column":78},"end":{"line":60,"column":88}},"locations":[{"start":{"line":60,"column":78},"end":{"line":60,"column":88}}]},"14":{"type":"branch","line":60,"loc":{"start":{"line":60,"column":83},"end":{"line":60,"column":91}},"locations":[{"start":{"line":60,"column":83},"end":{"line":60,"column":91}}]},"15":{"type":"branch","line":62,"loc":{"start":{"line":62,"column":60},"end":{"line":62,"column":73}},"locations":[{"start":{"line":62,"column":60},"end":{"line":62,"column":73}}]},"16":{"type":"branch","line":25,"loc":{"start":{"line":25,"column":54},"end":{"line":25,"column":60}},"locations":[{"start":{"line":25,"column":54},"end":{"line":25,"column":60}}]},"17":{"type":"branch","line":38,"loc":{"start":{"line":38,"column":37},"end":{"line":38,"column":77}},"locations":[{"start":{"line":38,"column":37},"end":{"line":38,"column":77}}]},"18":{"type":"branch","line":38,"loc":{"start":{"line":38,"column":58},"end":{"line":38,"column":77}},"locations":[{"start":{"line":38,"column":58},"end":{"line":38,"column":77}}]},"19":{"type":"branch","line":60,"loc":{"start":{"line":60,"column":72},"end":{"line":60,"column":78}},"locations":[{"start":{"line":60,"column":72},"end":{"line":60,"column":78}}]},"20":{"type":"branch","line":68,"loc":{"start":{"line":68,"column":10},"end":{"line":72,"column":3}},"locations":[{"start":{"line":68,"column":10},"end":{"line":72,"column":3}}]}},"b":{"0":[13],"1":[3],"2":[2],"3":[4],"4":[0],"5":[33],"6":[152],"7":[4],"8":[148],"9":[12],"10":[2],"11":[11],"12":[3],"13":[2],"14":[11],"15":[10],"16":[4],"17":[12],"18":[7],"19":[4],"20":[4]},"fnMap":{"0":{"name":"render","decl":{"start":{"line":14,"column":2},"end":{"line":63,"column":3}},"loc":{"start":{"line":14,"column":2},"end":{"line":63,"column":3}},"line":14},"1":{"name":"escapeHtml","decl":{"start":{"line":68,"column":10},"end":{"line":72,"column":3}},"loc":{"start":{"line":68,"column":10},"end":{"line":72,"column":3}},"line":68}},"f":{"0":13,"1":4}}
,"/Users/chilos/PetProjects/logseq-plagins/cardbord/src/ui/VisualEditor.ts": {"path":"/Users/chilos/PetProjects/logseq-plagins/cardbord/src/ui/VisualEditor.ts","all":true,"statementMap":{"6":{"start":{"line":7,"column":0},"end":{"line":7,"column":48}},"7":{"start":{"line":8,"column":0},"end":{"line":8,"column":66}},"8":{"start":{"line":9,"column":0},"end":{"line":9,"column":51}},"9":{"start":{"line":10,"column":0},"end":{"line":10,"column":51}},"10":{"start":{"line":11,"column":0},"end":{"line":11,"column":67}},"11":{"start":{"line":12,"column":0},"end":{"line":12,"column":51}},"12":{"start":{"line":13,"column":0},"end":{"line":13,"column":62}},"14":{"start":{"line":15,"column":0},"end":{"line":15,"column":27}},"15":{"start":{"line":16,"column":0},"end":{"line":16,"column":53}},"21":{"start":{"line":22,"column":0},"end":{"line":22,"column":53}},"23":{"start":{"line":24,"column":0},"end":{"line":24,"column":33}},"24":{"start":{"line":25,"column":0},"end":{"line":25,"column":25}},"25":{"start":{"line":26,"column":0},"end":{"line":26,"column":67}},"26":{"start":{"line":27,"column":0},"end":{"line":27,"column":24}},"27":{"start":{"line":28,"column":0},"end":{"line":28,"column":60}},"28":{"start":{"line":29,"column":0},"end":{"line":29,"column":18}},"29":{"start":{"line":30,"column":0},"end":{"line":30,"column":25}},"30":{"start":{"line":31,"column":0},"end":{"line":31,"column":25}},"31":{"start":{"line":32,"column":0},"end":{"line":32,"column":26}},"32":{"start":{"line":33,"column":0},"end":{"line":33,"column":29}},"33":{"start":{"line":34,"column":0},"end":{"line":34,"column":27}},"34":{"start":{"line":35,"column":0},"end":{"line":35,"column":27}},"35":{"start":{"line":36,"column":0},"end":{"line":36,"column":24}},"36":{"start":{"line":37,"column":0},"end":{"line":37,"column":23}},"37":{"start":{"line":38,"column":0},"end":{"line":38,"column":6}},"38":{"start":{"line":39,"column":0},"end":{"line":39,"column":3}},"43":{"start":{"line":44,"column":0},"end":{"line":44,"column":49}},"44":{"start":{"line":45,"column":0},"end":{"line":45,"column":56}},"45":{"start":{"line":46,"column":0},"end":{"line":46,"column":31}},"48":{"start":{"line":49,"column":0},"end":{"line":49,"column":74}},"49":{"start":{"line":50,"column":0},"end":{"line":50,"column":36}},"51":{"start":{"line":52,"column":0},"end":{"line":52,"column":41}},"52":{"start":{"line":53,"column":0},"end":{"line":53,"column":67}},"54":{"start":{"line":55,"column":0},"end":{"line":55,"column":32}},"55":{"start":{"line":56,"column":0},"end":{"line":56,"column":28}},"56":{"start":{"line":57,"column":0},"end":{"line":57,"column":35}},"57":{"start":{"line":58,"column":0},"end":{"line":58,"column":24}},"58":{"start":{"line":59,"column":0},"end":{"line":59,"column":73}},"59":{"start":{"line":60,"column":0},"end":{"line":60,"column":3}},"64":{"start":{"line":65,"column":0},"end":{"line":65,"column":16}},"65":{"start":{"line":66,"column":0},"end":{"line":66,"column":71}},"66":{"start":{"line":67,"column":0},"end":{"line":67,"column":30}},"67":{"start":{"line":68,"column":0},"end":{"line":68,"column":3}},"72":{"start":{"line":73,"column":0},"end":{"line":73,"column":33}},"73":{"start":{"line":74,"column":0},"end":{"line":74,"column":12}},"74":{"start":{"line":75,"column":0},"end":{"line":75,"column":80}},"87":{"start":{"line":88,"column":0},"end":{"line":88,"column":137}},"91":{"start":{"line":92,"column":0},"end":{"line":92,"col
[...]
88,"column":24}},"88":{"start":{"line":89,"column":0},"end":{"line":89,"column":30}},"90":{"start":{"line":91,"column":0},"end":{"line":91,"column":1}},"95":{"start":{"line":96,"column":0},"end":{"line":96,"column":56}},"96":{"start":{"line":97,"column":0},"end":{"line":97,"column":25}},"97":{"start":{"line":98,"column":0},"end":{"line":98,"column":25}},"98":{"start":{"line":99,"column":0},"end":{"line":99,"column":38}},"99":{"start":{"line":100,"column":0},"end":{"line":100,"column":1}},"104":{"start":{"line":105,"column":0},"end":{"line":105,"column":44}},"105":{"start":{"line":106,"column":0},"end":{"line":106,"column":15}},"106":{"start":{"line":107,"column":0},"end":{"line":107,"column":13}},"107":{"start":{"line":108,"column":0},"end":{"line":108,"column":32}},"108":{"start":{"line":109,"column":0},"end":{"line":109,"column":27}},"109":{"start":{"line":110,"column":0},"end":{"line":110,"column":10}},"110":{"start":{"line":111,"column":0},"end":{"line":111,"column":37}},"111":{"start":{"line":112,"column":0},"end":{"line":112,"column":37}},"113":{"start":{"line":114,"column":0},"end":{"line":114,"column":29}},"114":{"start":{"line":115,"column":0},"end":{"line":115,"column":29}},"115":{"start":{"line":116,"column":0},"end":{"line":116,"column":44}},"116":{"start":{"line":117,"column":0},"end":{"line":117,"column":67}},"119":{"start":{"line":120,"column":0},"end":{"line":120,"column":27}},"120":{"start":{"line":121,"column":0},"end":{"line":121,"column":26}},"122":{"start":{"line":123,"column":0},"end":{"line":123,"column":10}},"123":{"start":{"line":124,"column":0},"end":{"line":124,"column":32}},"124":{"start":{"line":125,"column":0},"end":{"line":125,"column":31}},"125":{"start":{"line":126,"column":0},"end":{"line":126,"column":4}},"126":{"start":{"line":127,"column":0},"end":{"line":127,"column":1}},"131":{"start":{"line":132,"column":0},"end":{"line":132,"column":42}},"132":{"start":{"line":133,"column":0},"end":{"line":133,"column":15}},"133":{"start":{"line":134,"column":0},"end":{"line":134,"column":17}},"134":{"start":{"line":135,"column":0},"end":{"line":135,"column":13}},"135":{"start":{"line":136,"column":0},"end":{"line":136,"column":11}},"136":{"start":{"line":137,"column":0},"end":{"line":137,"column":10}},"137":{"start":{"line":138,"column":0},"end":{"line":138,"column":26}},"138":{"start":{"line":139,"column":0},"end":{"line":139,"column":10}},"139":{"start":{"line":140,"column":0},"end":{"line":140,"column":87}},"140":{"start":{"line":141,"column":0},"end":{"line":141,"column":86}},"141":{"start":{"line":142,"column":0},"end":{"line":142,"column":4}},"142":{"start":{"line":143,"column":0},"end":{"line":143,"column":1}},"147":{"start":{"line":148,"column":0},"end":{"line":148,"column":70}},"148":{"start":{"line":149,"column":0},"end":{"line":149,"column":33}},"150":{"start":{"line":151,"column":0},"end":{"line":151,"column":21}},"151":{"start":{"line":152,"column":0},"end":{"line":152,"column":26}},"152":{"start":{"line":153,"column":0},"end":{"line":153,"column":40}},"153":{"start":{"line":154,"column":0},"end":{"line":154,"column":27}},"154":{"start":{"line":155,"column":0},"end":{"line":155,"column":38}},"155":{"start":{"line":156,"column":0},"end":{"line":156,"column":4}},"157":{"start":{"line":158,"column":0},"end":{"line":158,"column":25}},"158":{"start":{"line":159,"column":0},"end":{"line":159,"column":38}},"160":{"start":{"line":161,"column":0},"end":{"line":161,"column":57}},"161":{"start":{"line":162,"column":0},"end":{"line":162,"column":25}},"162":{"start":{"line":163,"column":0},"end":{"line":163,"column":21}},"163":{"start":{"line":164,"column":0},"end":{"line":164,"column":39}},"164":{"start":{"line":165,"column":0},"end":{"line":165,"column":5}},"165":{"start":{"line":166,"column":0},"end":{"line":166,"column":3}},"167":{"start":{"line":168,"column":0},"end":{"line":168,"column":21}},"168":{"start":{"line":169,"column":0},"end":{"line":169,"column":1}}},"s":{"6":1,"11":1,"12":24,"13":24,"14":24,"15":24,"16":24,"18":24,"19":24,"20":4,"21":24,"22":2,"23":24,"24":9,"25":24,"26":9,"27":24,"28":24,"33":1,"34":124,"35":124,"36":124,"38":124,"39":124,"40":124,"41":124,"42":124,"43":124,"44":124,"49":1,"50":0,"51":0,"53":0,"54":0,"55":0,"56":0,"57":0,"58":0,"59":0,"60":0,"62":0,"63":0,"64":0,"65":0,"66":0,"67":0,"68":0,"69":0,"70":0,"71":0,"72":0,"73":0,"74":0,"75":0,"77":0,"78":0,"83":1,"84":4,"85":4,"86":3,"87":2,"88":2,"90":4,"95":1,"96":3,"97":3,"98":3,"99":3,"104":1,"105":11,"106":11,"107":11,"108":11,"109":11,"110":11,"111":11,"113":11,"114":11,"115":11,"116":11,"119":11,"120":11,"122":11,"123":11,"124":11,"125":11,"126":11,"131":1,"132":921,"133":921,"134":921,"135":921,"136":921,"137":921,"138":921,"139":921,"140":921,"141":921,"142":921,"147":1,"148":1,"150":1,"151":1,"152":1,"153":1,"154":1,"155":1,"157":1,"158":1,"160":1,"161":4,"162":1,"163":1,"164":1,"165":4,"167":1,"168":1},"branchMap":{"0":{"type":"branch","line":12,"loc":{"start":{"line":12,"column":7},"end":{"line":29,"column":1}},"locations":[{"start":{"line":12,"column":7},"end":{"line":29,"column":1}}]},"1":{"type":"branch","line":13,"loc":{"start":{"line":13,"column":17},"end":{"line":13,"column":44}},"locations":[{"start":{"line":13,"column":17},"end":{"line":13,"column":44}}]},"2":{"type":"branch","line":13,"loc":{"start":{"line":13,"column":34},"end":{"line":13,"column":46}},"locations":[{"start":{"line":13,"column":34},"end":{"line":13,"column":46}}]},"3":{"type":"branch","line":20,"loc":{"start":{"line":20,"column":4},"end":{"line":21,"column":36}},"locations":[{"start":{"line":20,"column":4},"end":{"line":21,"column":36}}]},"4":{"type":"branch","line":22,"loc":{"start":{"line":22,"column":4},"end":{"line":23,"column":40}},"locations":[{"start":{"line":22,"column":4},"end":{"line":23,"column":40}}]},"5":{"type":"branch","line":24,"loc":{"start":{"line":24,"column":4},"end":{"line":25,"column":36}},"locations":[{"start":{"line":24,"column":4},"end":{"line":25,"column":36}}]},"6":{"type":"branch","line":26,"loc":{"start":{"line":26,"column":4},"end":{"line":27,"column":40}},"locations":[{"start":{"line":26,"column":4},"end":{"line":27,"column":40}}]},"7":{"type":"branch","line":34,"loc":{"start":{"line":34,"column":7},"end":{"line":45,"column":1}},"locations":[{"start":{"line":34,"column":7},"end":{"line":45,"column":1}}]},"8":{"type":"branch","line":35,"loc":{"start":{"line":35,"column":17},"end":{"line":35,"column":44}},"locations":[{"start":{"line":35,"column":17},"end":{"line":35,"column":44}}]},"9":{"type":"branch","line":35,"loc":{"start":{"line":35,"column":34},"end":{"line":35,"column":46}},"locations":[{"start":{"line":35,"column":34},"end":{"line":35,"column":46}}]},"10":{"type":"branch","line":84,"loc":{"start":{"line":84,"column":7},"end":{"line":91,"column":1}},"locations":[{"start":{"line":84,"column":7},"end":{"line":91,"column":1}}]},"11":{"type":"branch","line":86,"loc":{"start":{"line":86,"column":20},"end":{"line":87,"column":33}},"locations":[{"start":{"line":86,"column":20},"end":{"line":87,"column":33}}]},"12":{"type":"branch","line":87,"loc":{"start":{"line":87,"column":29},"end":{"line":88,"column":24}},"locations":[{"start":{"line":87,"column":29},"end":{"line":88,"column":24}}]},"13":{"type":"branch","line":88,"loc":{"start":{"line":88,"column":20},"end":{"line":89,"column":30}},"locations":[{"start":{"line":88,"column":20},"end":{"line":89,"column":30}}]},"14":{"type":"branch","line":96,"loc":{"start":{"line":96,"column":7},"end":{"line":100,"column":1}},"locations":[{"start":{"line":96,"column":7},"end":{"line":100,"column":1}}]},"15":{"type":"branch","line":105,"loc":{"start":{"line":105,"column":7},"end":{"line":127,"column":1}},"locations":[{"start":{"line":105,"column":7},"end":{"line":127,"column":1}}]},"16":{"type":"branch","line":132,"loc":{"start":{"line":132,"column":7},"end":{"line":143,"column":1}},"locations":[{"start":{"line":132,"column":7},"end":{"line":143,"column":1}}]},"17":{"type":"branch","line":148,"loc":{"start":{"line":148,"column":7},"end":{"line":169,"column":1}},"locations":[{"start":{"line":148,"column":7},"end":{"line":169,"column":1}}]},"18":{"type":"branch","line":161,"loc":{"start":{"line":161,"column":56},"end":{"line":166,"column":3}},"locations":[{"start":{"line":161,"column":56},"end":{"line":166,"column":3}}]},"19":{"type":"branch","line":162,"loc":{"start":{"line":162,"column":24},"end":{"line":165,"column":5}},"locations":[{"start":{"line":162,"column":24},"end":{"line":165,"column":5}}]}},"b":{"0":[24],"1":[1],"2":[23],"3":[4],"4":[2],"5":[9],"6":[9],"7":[124],"8":[2],"9":[122],"10":[4],"11":[3],"12":[2],"13":[2],"14":[3],"15":[11],"16":[921],"17":[1],"18":[4],"19":[1]},"fnMap":{"0":{"name":"getAnchorPoint","decl":{"start":{"line":12,"column":7},"end":{"line":29,"column":1}},"loc":{"start":{"line":12,"column":7},"end":{"line":29,"column":1}},"line":12},"1":{"name":"getCardRect","decl":{"start":{"line":34,"column":7},"end":{"line":45,"column":1}},"loc":{"start":{"line":34,"column":7},"end":{"line":45,"column":1}},"line":34},"2":{"name":"lineIntersectsRect","decl":{"start":{"line":50,"column":7},"end":{"line":79,"column":1}},"loc":{"start":{"line":50,"column":7},"end":{"line":79,"column":1}},"line":50},"3":{"name":"pointInRect","decl":{"start":{"line":84,"column":7},"end":{"line":91,"column":1}},"loc":{"start":{"line":84,"column":7},"end":{"line":91,"column":1}},"line":84},"4":{"name":"distance","decl":{"start":{"line":96,"column":7},"end":{"line":100,"column":1}},"loc":{"start":{"line":96,"column":7},"end":{"line":100,"column":1}},"line":96},"5":{"name":"calculateBezierControlPoint","decl":{"start":{"line":105,"column":7},"end":{"line":127,"column":1}},"loc":{"start":{"line":105,"column":7},"end":{"line":127,"column":1}},"line":105},"6":{"name":"getPointOnQuadraticBezier","decl":{"start":{"line":132,"column":7},"end":{"line":143,"column":1}},"loc":{"start":{"line":132,"column":7},"end":{"line":143,"column":1}},"line":132},"7":{"name":"getNearestSide","decl":{"start":{"line":148,"column":7},"end":{"line":169,"column":1}},"loc":{"start":{"line":148,"column":7},"end":{"line":169,"column":1}},"line":148}},"f":{"0":24,"1":124,"2":0,"3":4,"4":3,"5":11,"6":921,"7":1}}
,"/Users/chilos/PetProjects/logseq-plagins/cardbord/src/utils/markdown.ts": {"path":"/Users/chilos/PetProjects/logseq-plagins/cardbord/src/utils/markdown.ts","all":false,"statementMap":{"8":{"start":{"line":9,"column":0},"end":{"line":9,"column":54}},"9":{"start":{"line":10,"column":0},"end":{"line":10,"column":23}},"11":{"start":{"line":12,"column":0},"end":{"line":12,"column":30}},"14":{"start":{"line":15,"column":0},"end":{"line":15,"column":53}},"17":{"start":{"line":18,"column":0},"end":{"line":18,"column":63}},"18":{"start":{"line":19,"column":0},"end":{"line":19,"column":59}},"21":{"start":{"line":22,"column":0},"end":{"line":22,"column":77}},"22":{"start":{"line":23,"column":0},"end":{"line":23,"column":71}},"25":{"start":{"line":26,"column":0},"end":{"line":26,"column":59}},"28":{"start":{"line":29,"column":0},"end":{"line":29,"column":53}},"31":{"start":{"line":32,"column":0},"end":{"line":32,"column":101}},"34":{"start":{"line":35,"column":0},"end":{"line":35,"column":91}},"37":{"start":{"line":38,"column":0},"end":{"line":38,"column":99}},"40":{"start":{"line":41,"column":0},"end":{"line":41,"column":37}},"42":{"start":{"line":43,"column":0},"end":{"line":43,"column":14}},"43":{"start":{"line":44,"column":0},"end":{"line":44,"column":1}},"48":{"start":{"line":49,"column":0},"end":{"line":49,"column":43}},"49":{"start":{"line":50,"column":0},"end":{"line":50,"column":44}},"50":{"start":{"line":51,"column":0},"end":{"line":51,"column":25}},"51":{"start":{"line":52,"column":0},"end":{"line":52,"column":23}},"52":{"start":{"line":53,"column":0},"end":{"line":53,"column":1}},"57":{"start":{"line":58,"column":0},"end":{"line":58,"column":56}},"59":{"start":{"line":60,"column":0},"end":{"line":60,"column":14}},"60":{"start":{"line":61,"column":0},"end":{"line":61,"column":1}}},"s":{"8":1,"9":20,"11":19,"14":19,"17":19,"18":19,"21":19,"22":19,"25":19,"28":19,"31":19,"34":19,"37":19,"40":19,"42":19,"43":19,"48":19,"49":19,"50":19,"51":19,"52":19,"57":1,"59":0,"60":0},"branchMap":{"0":{"type":"branch","line":9,"loc":{"start":{"line":9,"column":7},"end":{"line":44,"column":1}},"locations":[{"start":{"line":9,"column":7},"end":{"line":44,"column":1}}]},"1":{"type":"branch","line":10,"loc":{"start":{"line":10,"column":13},"end":{"line":10,"column":23}},"locations":[{"start":{"line":10,"column":13},"end":{"line":10,"column":23}}]},"2":{"type":"branch","line":10,"loc":{"start":{"line":10,"column":20},"end":{"line":44,"column":1}},"locations":[{"start":{"line":10,"column":20},"end":{"line":44,"column":1}}]},"3":{"type":"branch","line":49,"loc":{"start":{"line":49,"column":0},"end":{"line":53,"column":1}},"locations":[{"start":{"line":49,"column":0},"end":{"line":53,"column":1}}]}},"b":{"0":[20],"1":[1],"2":[19],"3":[19]},"fnMap":{"0":{"name":"renderMarkdown","decl":{"start":{"line":9,"column":7},"end":{"line":44,"column":1}},"loc":{"start":{"line":9,"column":7},"end":{"line":44,"column":1}},"line":9},"1":{"name":"escapeHtml","decl":{"start":{"line":49,"column":0},"end":{"line":53,"column":1}},"loc":{"start":{"line":49,"column":0},"end":{"line":53,"column":1}},"line":49},"2":{"name":"extractPlainText","decl":{"start":{"line":58,"column":7},"end":{"line":61,"column":1}},"loc":{"start":{"line":58,"column":7},"end":{"line":61,"column":1}},"line":58}},"f":{"0":20,"1":19,"2":0}}
,"/Users/chilos/PetProjects/logseq-plagins/cardbord/src/utils/textScaling.ts": {"path":"/Users/chilos/PetProjects/logseq-plagins/cardbord/src/utils/textScaling.ts","all":false,"statementMap":{"8":{"start":{"line":9,"column":0},"end":{"line":9,"column":64}},"9":{"start":{"line":10,"column":0},"end":{"line":10,"column":61}},"11":{"start":{"line":12,"column":0},"end":{"line":12,"column":27}},"12":{"start":{"line":13,"column":0},"end":{"line":13,"column":39}},"13":{"start":{"line":14,"column":0},"end":{"line":14,"column":5}},"14":{"start":{"line":15,"column":0},"end":{"line":15,"column":1}},"19":{"start":{"line":20,"column":0},"end":{"line":20,"column":49}},"20":{"start":{"line":21,"column":0},"end":{"line":21,"column":66}},"21":{"start":{"line":22,"column":0},"end":{"line":22,"column":29}},"24":{"start":{"line":25,"column":0},"end":{"line":25,"column":54}},"25":{"start":{"line":26,"column":0},"end":{"line":26,"column":50}},"26":{"start":{"line":27,"column":0},"end":{"line":27,"column":51}},"29":{"start":{"line":30,"column":0},"end":{"line":30,"column":65}},"30":{"start":{"line":31,"column":0},"end":{"line":31,"column":42}},"31":{"start":{"line":32,"column":0},"end":{"line":32,"column":65}},"32":{"start":{"line":33,"column":0},"end":{"line":33,"column":63}},"35":{"start":{"line":36,"column":0},"end":{"line":36,"column":16}},"38":{"start":{"line":39,"column":0},"end":{"line":39,"column":32}},"39":{"start":{"line":40,"column":0},"end":{"line":40,"column":53}},"40":{"start":{"line":41,"column":0},"end":{"line":41,"column":3}},"43":{"start":{"line":44,"column":0},"end":{"line":44,"column":30}},"44":{"start":{"line":45,"column":0},"end":{"line":45,"column":51}},"45":{"start":{"line":46,"column":0},"end":{"line":46,"column":3}},"48":{"start":{"line":49,"column":0},"end":{"line":49,"column":18}},"50":{"start":{"line":51,"column":0},"end":{"line":51,"column":18}},"51":{"start":{"line":52,"column":0},"end":{"line":52,"column":71}},"52":{"start":{"line":53,"column":0},"end":{"line":53,"column":70}},"53":{"start":{"line":54,"column":0},"end":{"line":54,"column":3}},"54":{"start":{"line":55,"column":0},"end":{"line":55,"column":1}},"59":{"start":{"line":60,"column":0},"end":{"line":60,"column":70}},"60":{"start":{"line":61,"column":0},"end":{"line":61,"column":73}},"62":{"start":{"line":63,"column":0},"end":{"line":63,"column":27}},"63":{"start":{"line":64,"column":0},"end":{"line":64,"column":45}},"64":{"start":{"line":65,"column":0},"end":{"line":65,"column":5}},"65":{"start":{"line":66,"column":0},"end":{"line":66,"column":1}},"70":{"start":{"line":71,"column":0},"end":{"line":71,"column":55}},"71":{"start":{"line":72,"column":0},"end":{"line":72,"column":66}},"72":{"start":{"line":73,"column":0},"end":{"line":73,"column":29}},"75":{"start":{"line":76,"column":0},"end":{"line":76,"column":54}},"76":{"start":{"line":77,"column":0},"end":{"line":77,"column":50}},"77":{"start":{"line":78,"column":0},"end":{"line":78,"column":51}},"80":{"start":{"line":81,"column":0},"end":{"line":81,"column":65}},"81":{"start":{"line":82,"column":0},"end":{"line":82,"column":42}},"82":{"start":{"line":83,"column":0},"end":{"line":83,"column":65}},"83":{"start":{"line":84,"column":0},"end":{"line":84,"column":63}},"86":{"start":{"line":87,"column":0},"end":{"line":87,"column":16}},"88":{"start":{"line":89,"column":0},"end":{"line":89,"column":32}},"89":{"start":{"line":90,"column":0},"end":{"line":90,"column":53}},"90":{"start":{"line":91,"column":0},"end":{"line":91,"column":3}},"92":{"start":{"line":93,"column":0},"end":{"line":93,"column":30}},"93":{"start":{"line":94,"column":0},"end":{"line":94,"column":51}},"94":{"start":{"line":95,"column":0},"end":{"line":95,"column":3}},"97":{"start":{"line":98,"column":0},"end":{"line":98,"column":18}},"98":{"start":{"line":99,"column":0},"end":{"line":99,"column":18}},"99":{"start":{"line":100,"column":0},"end":{"line":100,"column":71}},"100":{"start":{"line":101,"column":0},"end":{"line":101,"column":70}},"101":{"start":{"line":102,"column":0},"end":{"line":102,"column":3}},"102":{"start":{"line":103,"column":0},"end":{"line":103,"column":1}}},"s":{"8":1,"9":10,"11":10,"12":9,"13":10,"14":10,"19":9,"20":9,"21":9,"24":8,"25":8,"26":8,"29":8,"30":8,"31":8,"32":8,"35":8,"38":8,"39":8,"40":8,"43":8,"44":8,"45":8,"48":8,"50":8,"51":8,"52":8,"53":8,"54":9,"59":1,"60":2,"62":2,"63":0,"64":2,"65":2,"70":0,"71":0,"72":0,"75":0,"76":0,"77":0,"80":0,"81":0,"82":0,"83":0,"86":0,"88":0,"89":0,"90":0,"92":0,"93":0,"94":0,"97":0,"98":0,"99":0,"100":0,"101":0,"102":0},"branchMap":{"0":{"type":"branch","line":9,"loc":{"start":{"line":9,"column":7},"end":{"line":15,"column":1}},"locations":[{"start":{"line":9,"column":7},"end":{"line":15,"column":1}}]},"1":{"type":"branch","line":12,"loc":{"start":{"line":12,"column":16},"end":{"line":14,"column":3}},"locations":[{"start":{"line":12,"column":16},"end":{"line":14,"column":3}}]},"2":{"type":"branch","line":20,"loc":{"start":{"line":20,"column":0},"end":{"line":55,"column":1}},"locations":[{"start":{"line":20,"column":0},"end":{"line":55,"column":1}}]},"3":{"type":"branch","line":22,"loc":{"start":{"line":22,"column":22},"end":{"line":22,"column":29}},"locations":[{"start":{"line":22,"column":22},"end":{"line":22,"column":29}}]},"4":{"type":"branch","line":22,"loc":{"start":{"line":22,"column":22},"end":{"line":54,"column":3}},"locations":[{"start":{"line":22,"column":22},"end":{"line":54,"column":3}}]},"5":{"type":"branch","line":60,"loc":{"start":{"line":60,"column":7},"end":{"line":66,"column":1}},"locations":[{"start":{"line":60,"column":7},"end":{"line":66,"column":1}}]}},"b":{"0":[10],"1":[9],"2":[9],"3":[1],"4":[8],"5":[2]},"fnMap":{"0":{"name":"applyTextScaling","decl":{"start":{"line":9,"column":7},"end":{"line":15,"column":1}},"loc":{"start":{"line":9,"column":7},"end":{"line":15,"column":1}},"line":9},"1":{"name":"scaleCardText","decl":{"start":{"line":20,"column":0},"end":{"line":55,"column":1}},"loc":{"start":{"line":20,"column":0},"end":{"line":55,"column":1}},"line":20},"2":{"name":"applyEditorTextScaling","decl":{"start":{"line":60,"column":7},"end":{"line":66,"column":1}},"loc":{"start":{"line":60,"column":7},"end":{"line":66,"column":1}},"line":60},"3":{"name":"scaleEditorCellText","decl":{"start":{"line":71,"column":0},"end":{"line":103,"column":1}},"loc":{"start":{"line":71,"column":0},"end":{"line":103,"column":1}},"line":71}},"f":{"0":10,"1":9,"2":2,"3":0}}
}
